{"C:\\Users\\Pawan\\Desktop\\Handwash+\\Backend\\src\\modules\\auth\\auth.controller.js": {"path":"C:\\Users\\Pawan\\Desktop\\Handwash+\\Backend\\src\\modules\\auth\\auth.controller.js","statementMap":{"0":{"start":{"line":6,"column":20},"end":{"line":6,"column":37}},"1":{"start":{"line":8,"column":28},"end":{"line":39,"column":1}},"2":{"start":{"line":9,"column":2},"end":{"line":38,"column":3}},"3":{"start":{"line":10,"column":44},"end":{"line":10,"column":52}},"4":{"start":{"line":13,"column":25},"end":{"line":13,"column":54}},"5":{"start":{"line":14,"column":4},"end":{"line":16,"column":5}},"6":{"start":{"line":15,"column":6},"end":{"line":15,"column":65}},"7":{"start":{"line":19,"column":27},"end":{"line":19,"column":55}},"8":{"start":{"line":22,"column":17},"end":{"line":27,"column":6}},"9":{"start":{"line":29,"column":4},"end":{"line":34,"column":7}},"10":{"start":{"line":36,"column":4},"end":{"line":36,"column":50}},"11":{"start":{"line":37,"column":4},"end":{"line":37,"column":64}},"12":{"start":{"line":41,"column":25},"end":{"line":64,"column":1}},"13":{"start":{"line":42,"column":2},"end":{"line":63,"column":3}},"14":{"start":{"line":43,"column":32},"end":{"line":43,"column":40}},"15":{"start":{"line":45,"column":4},"end":{"line":47,"column":5}},"16":{"start":{"line":46,"column":6},"end":{"line":46,"column":77}},"17":{"start":{"line":49,"column":29},"end":{"line":49,"column":69}},"18":{"start":{"line":51,"column":4},"end":{"line":59,"column":7}},"19":{"start":{"line":61,"column":4},"end":{"line":61,"column":43}},"20":{"start":{"line":62,"column":4},"end":{"line":62,"column":57}}},"fnMap":{"0":{"name":"(anonymous_0)","decl":{"start":{"line":8,"column":28},"end":{"line":8,"column":29}},"loc":{"start":{"line":8,"column":48},"end":{"line":39,"column":1}},"line":8},"1":{"name":"(anonymous_1)","decl":{"start":{"line":41,"column":25},"end":{"line":41,"column":26}},"loc":{"start":{"line":41,"column":45},"end":{"line":64,"column":1}},"line":41}},"branchMap":{"0":{"loc":{"start":{"line":14,"column":4},"end":{"line":16,"column":5}},"type":"if","locations":[{"start":{"line":14,"column":4},"end":{"line":16,"column":5}},{"start":{},"end":{}}],"line":14},"1":{"loc":{"start":{"line":45,"column":4},"end":{"line":47,"column":5}},"type":"if","locations":[{"start":{"line":45,"column":4},"end":{"line":47,"column":5}},{"start":{},"end":{}}],"line":45},"2":{"loc":{"start":{"line":45,"column":8},"end":{"line":45,"column":27}},"type":"binary-expr","locations":[{"start":{"line":45,"column":8},"end":{"line":45,"column":14}},{"start":{"line":45,"column":18},"end":{"line":45,"column":27}}],"line":45}},"s":{"0":1,"1":1,"2":3,"3":3,"4":3,"5":2,"6":1,"7":1,"8":1,"9":1,"10":1,"11":1,"12":1,"13":5,"14":5,"15":5,"16":2,"17":3,"18":1,"19":2,"20":2},"f":{"0":3,"1":5},"b":{"0":[1,1],"1":[2,3],"2":[5,4]},"inputSourceMap":null,"_coverageSchema":"1a1c01bbd47fc00a2c39e90264f33305004495a9","hash":"ad36dae7a35d0f060a089d5f3da684f78af878d3"}
,"C:\\Users\\Pawan\\Desktop\\Handwash+\\Backend\\src\\modules\\auth\\auth.module.js": {"path":"C:\\Users\\Pawan\\Desktop\\Handwash+\\Backend\\src\\modules\\auth\\auth.module.js","statementMap":{},"fnMap":{},"branchMap":{},"s":{},"f":{},"b":{},"inputSourceMap":null}
,"C:\\Users\\Pawan\\Desktop\\Handwash+\\Backend\\src\\modules\\auth\\auth.repository.js": {"path":"C:\\Users\\Pawan\\Desktop\\Handwash+\\Backend\\src\\modules\\auth\\auth.repository.js","statementMap":{},"fnMap":{},"branchMap":{},"s":{},"f":{},"b":{},"inputSourceMap":null}
,"C:\\Users\\Pawan\\Desktop\\Handwash+\\Backend\\src\\modules\\auth\\auth.routes.js": {"path":"C:\\Users\\Pawan\\Desktop\\Handwash+\\Backend\\src\\modules\\auth\\auth.routes.js","statementMap":{"0":{"start":{"line":4,"column":15},"end":{"line":4,"column":31}},"1":{"start":{"line":7,"column":0},"end":{"line":7,"column":39}},"2":{"start":{"line":10,"column":0},"end":{"line":10,"column":33}}},"fnMap":{},"branchMap":{},"s":{"0":0,"1":0,"2":0},"f":{},"b":{},"inputSourceMap":null}
,"C:\\Users\\Pawan\\Desktop\\Handwash+\\Backend\\src\\modules\\auth\\auth.service.js": {"path":"C:\\Users\\Pawan\\Desktop\\Handwash+\\Backend\\src\\modules\\auth\\auth.service.js","statementMap":{"0":{"start":{"line":7,"column":4},"end":{"line":7,"column":47}},"1":{"start":{"line":12,"column":25},"end":{"line":12,"column":78}},"2":{"start":{"line":13,"column":4},"end":{"line":15,"column":5}},"3":{"start":{"line":14,"column":6},"end":{"line":14,"column":50}},"4":{"start":{"line":18,"column":27},"end":{"line":18,"column":64}},"5":{"start":{"line":21,"column":17},"end":{"line":24,"column":6}},"6":{"start":{"line":27,"column":19},"end":{"line":31,"column":6}},"7":{"start":{"line":34,"column":4},"end":{"line":34,"column":80}},"8":{"start":{"line":36,"column":4},"end":{"line":36,"column":28}},"9":{"start":{"line":41,"column":17},"end":{"line":41,"column":67}},"10":{"start":{"line":43,"column":4},"end":{"line":45,"column":5}},"11":{"start":{"line":44,"column":6},"end":{"line":44,"column":51}},"12":{"start":{"line":47,"column":4},"end":{"line":49,"column":5}},"13":{"start":{"line":48,"column":6},"end":{"line":48,"column":66}},"14":{"start":{"line":52,"column":28},"end":{"line":52,"column":74}},"15":{"start":{"line":53,"column":4},"end":{"line":55,"column":5}},"16":{"start":{"line":54,"column":6},"end":{"line":54,"column":51}},"17":{"start":{"line":58,"column":4},"end":{"line":58,"column":74}},"18":{"start":{"line":61,"column":19},"end":{"line":65,"column":6}},"19":{"start":{"line":68,"column":4},"end":{"line":68,"column":80}},"20":{"start":{"line":71,"column":4},"end":{"line":71,"column":30}},"21":{"start":{"line":73,"column":4},"end":{"line":73,"column":28}},"22":{"start":{"line":77,"column":4},"end":{"line":101,"column":5}},"23":{"start":{"line":79,"column":22},"end":{"line":79,"column":53}},"24":{"start":{"line":82,"column":19},"end":{"line":82,"column":75}},"25":{"start":{"line":84,"column":6},"end":{"line":86,"column":7}},"26":{"start":{"line":85,"column":8},"end":{"line":85,"column":49}},"27":{"start":{"line":89,"column":21},"end":{"line":93,"column":8}},"28":{"start":{"line":96,"column":6},"end":{"line":96,"column":82}},"29":{"start":{"line":98,"column":6},"end":{"line":98,"column":20}},"30":{"start":{"line":100,"column":6},"end":{"line":100,"column":47}},"31":{"start":{"line":105,"column":4},"end":{"line":105,"column":63}},"32":{"start":{"line":109,"column":17},"end":{"line":109,"column":65}},"33":{"start":{"line":111,"column":4},"end":{"line":113,"column":5}},"34":{"start":{"line":112,"column":6},"end":{"line":112,"column":40}},"35":{"start":{"line":116,"column":28},"end":{"line":116,"column":77}},"36":{"start":{"line":117,"column":4},"end":{"line":119,"column":5}},"37":{"start":{"line":118,"column":6},"end":{"line":118,"column":55}},"38":{"start":{"line":122,"column":27},"end":{"line":122,"column":58}},"39":{"start":{"line":125,"column":4},"end":{"line":128,"column":7}},"40":{"start":{"line":130,"column":4},"end":{"line":130,"column":16}},"41":{"start":{"line":134,"column":17},"end":{"line":134,"column":61}},"42":{"start":{"line":136,"column":4},"end":{"line":139,"column":5}},"43":{"start":{"line":138,"column":6},"end":{"line":138,"column":18}},"44":{"start":{"line":142,"column":23},"end":{"line":142,"column":51}},"45":{"start":{"line":145,"column":4},"end":{"line":148,"column":7}},"46":{"start":{"line":153,"column":4},"end":{"line":153,"column":16}},"47":{"start":{"line":157,"column":4},"end":{"line":184,"column":5}},"48":{"start":{"line":158,"column":22},"end":{"line":158,"column":40}},"49":{"start":{"line":160,"column":19},"end":{"line":160,"column":69}},"50":{"start":{"line":162,"column":6},"end":{"line":164,"column":7}},"51":{"start":{"line":163,"column":8},"end":{"line":163,"column":58}},"52":{"start":{"line":166,"column":6},"end":{"line":168,"column":7}},"53":{"start":{"line":167,"column":8},"end":{"line":167,"column":51}},"54":{"start":{"line":171,"column":29},"end":{"line":171,"column":60}},"55":{"start":{"line":174,"column":6},"end":{"line":179,"column":9}},"56":{"start":{"line":181,"column":6},"end":{"line":181,"column":18}},"57":{"start":{"line":183,"column":6},"end":{"line":183,"column":56}},"58":{"start":{"line":188,"column":17},"end":{"line":188,"column":59}},"59":{"start":{"line":190,"column":4},"end":{"line":190,"column":28}},"60":{"start":{"line":190,"column":15},"end":{"line":190,"column":28}},"61":{"start":{"line":193,"column":4},"end":{"line":193,"column":53}},"62":{"start":{"line":193,"column":41},"end":{"line":193,"column":53}},"63":{"start":{"line":196,"column":4},"end":{"line":196,"column":60}}},"fnMap":{"0":{"name":"(anonymous_0)","decl":{"start":{"line":6,"column":2},"end":{"line":6,"column":3}},"loc":{"start":{"line":6,"column":16},"end":{"line":8,"column":3}},"line":6},"1":{"name":"(anonymous_1)","decl":{"start":{"line":10,"column":2},"end":{"line":10,"column":3}},"loc":{"start":{"line":10,"column":27},"end":{"line":37,"column":3}},"line":10},"2":{"name":"(anonymous_2)","decl":{"start":{"line":39,"column":2},"end":{"line":39,"column":3}},"loc":{"start":{"line":39,"column":31},"end":{"line":74,"column":3}},"line":39},"3":{"name":"(anonymous_3)","decl":{"start":{"line":76,"column":2},"end":{"line":76,"column":3}},"loc":{"start":{"line":76,"column":35},"end":{"line":102,"column":3}},"line":76},"4":{"name":"(anonymous_4)","decl":{"start":{"line":104,"column":2},"end":{"line":104,"column":3}},"loc":{"start":{"line":104,"column":23},"end":{"line":106,"column":3}},"line":104},"5":{"name":"(anonymous_5)","decl":{"start":{"line":108,"column":2},"end":{"line":108,"column":3}},"loc":{"start":{"line":108,"column":57},"end":{"line":131,"column":3}},"line":108},"6":{"name":"(anonymous_6)","decl":{"start":{"line":133,"column":2},"end":{"line":133,"column":3}},"loc":{"start":{"line":133,"column":30},"end":{"line":154,"column":3}},"line":133},"7":{"name":"(anonymous_7)","decl":{"start":{"line":156,"column":2},"end":{"line":156,"column":3}},"loc":{"start":{"line":156,"column":42},"end":{"line":185,"column":3}},"line":156},"8":{"name":"(anonymous_8)","decl":{"start":{"line":187,"column":2},"end":{"line":187,"column":3}},"loc":{"start":{"line":187,"column":47},"end":{"line":197,"column":3}},"line":187}},"branchMap":{"0":{"loc":{"start":{"line":13,"column":4},"end":{"line":15,"column":5}},"type":"if","locations":[{"start":{"line":13,"column":4},"end":{"line":15,"column":5}},{"start":{},"end":{}}],"line":13},"1":{"loc":{"start":{"line":43,"column":4},"end":{"line":45,"column":5}},"type":"if","locations":[{"start":{"line":43,"column":4},"end":{"line":45,"column":5}},{"start":{},"end":{}}],"line":43},"2":{"loc":{"start":{"line":47,"column":4},"end":{"line":49,"column":5}},"type":"if","locations":[{"start":{"line":47,"column":4},"end":{"line":49,"column":5}},{"start":{},"end":{}}],"line":47},"3":{"loc":{"start":{"line":53,"column":4},"end":{"line":55,"column":5}},"type":"if","locations":[{"start":{"line":53,"column":4},"end":{"line":55,"column":5}},{"start":{},"end":{}}],"line":53},"4":{"loc":{"start":{"line":84,"column":6},"end":{"line":86,"column":7}},"type":"if","locations":[{"start":{"line":84,"column":6},"end":{"line":86,"column":7}},{"start":{},"end":{}}],"line":84},"5":{"loc":{"start":{"line":84,"column":10},"end":{"line":84,"column":53}},"type":"binary-expr","locations":[{"start":{"line":84,"column":10},"end":{"line":84,"column":15}},{"start":{"line":84,"column":19},"end":{"line":84,"column":53}}],"line":84},"6":{"loc":{"start":{"line":111,"column":4},"end":{"line":113,"column":5}},"type":"if","locations":[{"start":{"line":111,"column":4},"end":{"line":113,"column":5}},{"start":{},"end":{}}],"line":111},"7":{"loc":{"start":{"line":117,"column":4},"end":{"line":119,"column":5}},"type":"if","locations":[{"start":{"line":117,"column":4},"end":{"line":119,"column":5}},{"start":{},"end":{}}],"line":117},"8":{"loc":{"start":{"line":136,"column":4},"end":{"line":139,"column":5}},"type":"if","locations":[{"start":{"line":136,"column":4},"end":{"line":139,"column":5}},{"start":{},"end":{}}],"line":136},"9":{"loc":{"start":{"line":162,"column":6},"end":{"line":164,"column":7}},"type":"if","locations":[{"start":{"line":162,"column":6},"end":{"line":164,"column":7}},{"start":{},"end":{}}],"line":162},"10":{"loc":{"start":{"line":162,"column":10},"end":{"line":162,"column":52}},"type":"binary-expr","locations":[{"start":{"line":162,"column":10},"end":{"line":162,"column":15}},{"start":{"line":162,"column":19},"end":{"line":162,"column":52}}],"line":162},"11":{"loc":{"start":{"line":166,"column":6},"end":{"line":168,"column":7}},"type":"if","locations":[{"start":{"line":166,"column":6},"end":{"line":168,"column":7}},{"start":{},"end":{}}],"line":166},"12":{"loc":{"start":{"line":190,"column":4},"end":{"line":190,"column":28}},"type":"if","locations":[{"start":{"line":190,"column":4},"end":{"line":190,"column":28}},{"start":{},"end":{}}],"line":190},"13":{"loc":{"start":{"line":193,"column":4},"end":{"line":193,"column":53}},"type":"if","locations":[{"start":{"line":193,"column":4},"end":{"line":193,"column":53}},{"start":{},"end":{}}],"line":193}},"s":{"0":0,"1":0,"2":0,"3":0,"4":0,"5":0,"6":0,"7":0,"8":0,"9":0,"10":0,"11":0,"12":0,"13":0,"14":0,"15":0,"16":0,"17":0,"18":0,"19":0,"20":0,"21":0,"22":0,"23":0,"24":0,"25":0,"26":0,"27":0,"28":0,"29":0,"30":0,"31":0,"32":0,"33":0,"34":0,"35":0,"36":0,"37":0,"38":0,"39":0,"40":0,"41":0,"42":0,"43":0,"44":0,"45":0,"46":0,"47":0,"48":0,"49":0,"50":0,"51":0,"52":0,"53":0,"54":0,"55":0,"56":0,"57":0,"58":0,"59":0,"60":0,"61":0,"62":0,"63":0},"f":{"0":0,"1":0,"2":0,"3":0,"4":0,"5":0,"6":0,"7":0,"8":0},"b":{"0":[0,0],"1":[0,0],"2":[0,0],"3":[0,0],"4":[0,0],"5":[0,0],"6":[0,0],"7":[0,0],"8":[0,0],"9":[0,0],"10":[0,0],"11":[0,0],"12":[0,0],"13":[0,0]},"inputSourceMap":null}
,"C:\\Users\\Pawan\\Desktop\\Handwash+\\Backend\\src\\modules\\auth\\auth.validation.js": {"path":"C:\\Users\\Pawan\\Desktop\\Handwash+\\Backend\\src\\modules\\auth\\auth.validation.js","statementMap":{"0":{"start":{"line":1,"column":34},"end":{"line":50,"column":1}},"1":{"start":{"line":52,"column":31},"end":{"line":65,"column":1}},"2":{"start":{"line":67,"column":40},"end":{"line":86,"column":1}},"3":{"start":{"line":88,"column":40},"end":{"line":95,"column":1}},"4":{"start":{"line":97,"column":39},"end":{"line":112,"column":1}}},"fnMap":{},"branchMap":{},"s":{"0":0,"1":0,"2":0,"3":0,"4":0},"f":{},"b":{},"inputSourceMap":null}
,"C:\\Users\\Pawan\\Desktop\\Handwash+\\Backend\\src\\modules\\auth\\strategies\\jwt.strategy.js": {"path":"C:\\Users\\Pawan\\Desktop\\Handwash+\\Backend\\src\\modules\\auth\\strategies\\jwt.strategy.js","statementMap":{},"fnMap":{},"branchMap":{},"s":{},"f":{},"b":{},"inputSourceMap":null}
,"C:\\Users\\Pawan\\Desktop\\Handwash+\\Backend\\src\\modules\\auth\\strategies\\local.strategy.js": {"path":"C:\\Users\\Pawan\\Desktop\\Handwash+\\Backend\\src\\modules\\auth\\strategies\\local.strategy.js","statementMap":{},"fnMap":{},"branchMap":{},"s":{},"f":{},"b":{},"inputSourceMap":null}
,"C:\\Users\\Pawan\\Desktop\\Handwash+\\Backend\\src\\modules\\classroomBottles\\classroomBottles.controller.js": {"path":"C:\\Users\\Pawan\\Desktop\\Handwash+\\Backend\\src\\modules\\classroomBottles\\classroomBottles.controller.js","statementMap":{"0":{"start":{"line":5,"column":38},"end":{"line":50,"column":1}},"1":{"start":{"line":6,"column":43},"end":{"line":6,"column":51}},"2":{"start":{"line":7,"column":23},"end":{"line":7,"column":34}},"3":{"start":{"line":9,"column":4},"end":{"line":49,"column":5}},"4":{"start":{"line":11,"column":26},"end":{"line":11,"column":63}},"5":{"start":{"line":14,"column":8},"end":{"line":16,"column":9}},"6":{"start":{"line":15,"column":12},"end":{"line":15,"column":76}},"7":{"start":{"line":19,"column":8},"end":{"line":21,"column":9}},"8":{"start":{"line":20,"column":12},"end":{"line":20,"column":104}},"9":{"start":{"line":24,"column":28},"end":{"line":24,"column":81}},"10":{"start":{"line":26,"column":8},"end":{"line":28,"column":9}},"11":{"start":{"line":27,"column":12},"end":{"line":27,"column":93}},"12":{"start":{"line":31,"column":8},"end":{"line":33,"column":9}},"13":{"start":{"line":32,"column":14},"end":{"line":32,"column":110}},"14":{"start":{"line":36,"column":35},"end":{"line":36,"column":77}},"15":{"start":{"line":40,"column":26},"end":{"line":44,"column":12}},"16":{"start":{"line":45,"column":7},"end":{"line":45,"column":65}},"17":{"start":{"line":47,"column":8},"end":{"line":47,"column":27}},"18":{"start":{"line":48,"column":8},"end":{"line":48,"column":65}},"19":{"start":{"line":55,"column":48},"end":{"line":73,"column":1}},"20":{"start":{"line":57,"column":4},"end":{"line":72,"column":5}},"21":{"start":{"line":58,"column":29},"end":{"line":58,"column":39}},"22":{"start":{"line":61,"column":24},"end":{"line":61,"column":66}},"23":{"start":{"line":63,"column":8},"end":{"line":65,"column":9}},"24":{"start":{"line":64,"column":13},"end":{"line":64,"column":101}},"25":{"start":{"line":67,"column":15},"end":{"line":67,"column":73}},"26":{"start":{"line":69,"column":8},"end":{"line":69,"column":27}},"27":{"start":{"line":70,"column":8},"end":{"line":70,"column":65}}},"fnMap":{"0":{"name":"(anonymous_0)","decl":{"start":{"line":5,"column":38},"end":{"line":5,"column":39}},"loc":{"start":{"line":5,"column":55},"end":{"line":50,"column":1}},"line":5},"1":{"name":"(anonymous_1)","decl":{"start":{"line":55,"column":48},"end":{"line":55,"column":49}},"loc":{"start":{"line":55,"column":65},"end":{"line":73,"column":1}},"line":55}},"branchMap":{"0":{"loc":{"start":{"line":14,"column":8},"end":{"line":16,"column":9}},"type":"if","locations":[{"start":{"line":14,"column":8},"end":{"line":16,"column":9}},{"start":{},"end":{}}],"line":14},"1":{"loc":{"start":{"line":19,"column":8},"end":{"line":21,"column":9}},"type":"if","locations":[{"start":{"line":19,"column":8},"end":{"line":21,"column":9}},{"start":{},"end":{}}],"line":19},"2":{"loc":{"start":{"line":26,"column":8},"end":{"line":28,"column":9}},"type":"if","locations":[{"start":{"line":26,"column":8},"end":{"line":28,"column":9}},{"start":{},"end":{}}],"line":26},"3":{"loc":{"start":{"line":31,"column":8},"end":{"line":33,"column":9}},"type":"if","locations":[{"start":{"line":31,"column":8},"end":{"line":33,"column":9}},{"start":{},"end":{}}],"line":31},"4":{"loc":{"start":{"line":63,"column":8},"end":{"line":65,"column":9}},"type":"if","locations":[{"start":{"line":63,"column":8},"end":{"line":65,"column":9}},{"start":{},"end":{}}],"line":63},"5":{"loc":{"start":{"line":63,"column":11},"end":{"line":63,"column":43}},"type":"binary-expr","locations":[{"start":{"line":63,"column":11},"end":{"line":63,"column":19}},{"start":{"line":63,"column":23},"end":{"line":63,"column":43}}],"line":63}},"s":{"0":0,"1":0,"2":0,"3":0,"4":0,"5":0,"6":0,"7":0,"8":0,"9":0,"10":0,"11":0,"12":0,"13":0,"14":0,"15":0,"16":0,"17":0,"18":0,"19":0,"20":0,"21":0,"22":0,"23":0,"24":0,"25":0,"26":0,"27":0},"f":{"0":0,"1":0},"b":{"0":[0,0],"1":[0,0],"2":[0,0],"3":[0,0],"4":[0,0],"5":[0,0]},"inputSourceMap":null}
,"C:\\Users\\Pawan\\Desktop\\Handwash+\\Backend\\src\\modules\\classroomBottles\\classroomBottles.model.js": {"path":"C:\\Users\\Pawan\\Desktop\\Handwash+\\Backend\\src\\modules\\classroomBottles\\classroomBottles.model.js","statementMap":{"0":{"start":{"line":2,"column":15},"end":{"line":2,"column":30}},"1":{"start":{"line":4,"column":30},"end":{"line":27,"column":2}}},"fnMap":{},"branchMap":{},"s":{"0":0,"1":0},"f":{},"b":{},"inputSourceMap":null}
,"C:\\Users\\Pawan\\Desktop\\Handwash+\\Backend\\src\\modules\\classroomBottles\\classroomBottles.module.js": {"path":"C:\\Users\\Pawan\\Desktop\\Handwash+\\Backend\\src\\modules\\classroomBottles\\classroomBottles.module.js","statementMap":{},"fnMap":{},"branchMap":{},"s":{},"f":{},"b":{},"inputSourceMap":null}
,"C:\\Users\\Pawan\\Desktop\\Handwash+\\Backend\\src\\modules\\classroomBottles\\classroomBottles.repository.js": {"path":"C:\\Users\\Pawan\\Desktop\\Handwash+\\Backend\\src\\modules\\classroomBottles\\classroomBottles.repository.js","statementMap":{},"fnMap":{},"branchMap":{},"s":{},"f":{},"b":{},"inputSourceMap":null}
,"C:\\Users\\Pawan\\Desktop\\Handwash+\\Backend\\src\\modules\\classroomBottles\\classroomBottles.routes.js": {"path":"C:\\Users\\Pawan\\Desktop\\Handwash+\\Backend\\src\\modules\\classroomBottles\\classroomBottles.routes.js","statementMap":{"0":{"start":{"line":6,"column":15},"end":{"line":6,"column":31}},"1":{"start":{"line":10,"column":0},"end":{"line":10,"column":86}},"2":{"start":{"line":11,"column":0},"end":{"line":11,"column":102}}},"fnMap":{},"branchMap":{},"s":{"0":0,"1":0,"2":0},"f":{},"b":{},"inputSourceMap":null}
,"C:\\Users\\Pawan\\Desktop\\Handwash+\\Backend\\src\\modules\\classroomBottles\\classroomBottles.service.js": {"path":"C:\\Users\\Pawan\\Desktop\\Handwash+\\Backend\\src\\modules\\classroomBottles\\classroomBottles.service.js","statementMap":{},"fnMap":{},"branchMap":{},"s":{},"f":{},"b":{},"inputSourceMap":null}
,"C:\\Users\\Pawan\\Desktop\\Handwash+\\Backend\\src\\modules\\classroomBottles\\distributedBottles.model.js": {"path":"C:\\Users\\Pawan\\Desktop\\Handwash+\\Backend\\src\\modules\\classroomBottles\\distributedBottles.model.js","statementMap":{"0":{"start":{"line":3,"column":15},"end":{"line":3,"column":30}},"1":{"start":{"line":5,"column":32},"end":{"line":23,"column":2}}},"fnMap":{},"branchMap":{},"s":{"0":0,"1":0},"f":{},"b":{},"inputSourceMap":null}
,"C:\\Users\\Pawan\\Desktop\\Handwash+\\Backend\\src\\modules\\classroomBottles\\_tests_\\classroomBottle.test.js": {"path":"C:\\Users\\Pawan\\Desktop\\Handwash+\\Backend\\src\\modules\\classroomBottles\\_tests_\\classroomBottle.test.js","statementMap":{},"fnMap":{},"branchMap":{},"s":{},"f":{},"b":{},"inputSourceMap":null}
,"C:\\Users\\Pawan\\Desktop\\Handwash+\\Backend\\src\\modules\\classrooms\\classroom.controller.js": {"path":"C:\\Users\\Pawan\\Desktop\\Handwash+\\Backend\\src\\modules\\classrooms\\classroom.controller.js","statementMap":{"0":{"start":{"line":4,"column":32},"end":{"line":15,"column":1}},"1":{"start":{"line":5,"column":4},"end":{"line":14,"column":5}},"2":{"start":{"line":6,"column":27},"end":{"line":6,"column":85}},"3":{"start":{"line":7,"column":8},"end":{"line":9,"column":9}},"4":{"start":{"line":8,"column":12},"end":{"line":8,"column":77}},"5":{"start":{"line":10,"column":8},"end":{"line":10,"column":52}},"6":{"start":{"line":12,"column":8},"end":{"line":12,"column":27}},"7":{"start":{"line":13,"column":8},"end":{"line":13,"column":65}},"8":{"start":{"line":18,"column":28},"end":{"line":33,"column":1}},"9":{"start":{"line":20,"column":44},"end":{"line":20,"column":52}},"10":{"start":{"line":24,"column":4},"end":{"line":31,"column":5}},"11":{"start":{"line":25,"column":22},"end":{"line":25,"column":77}},"12":{"start":{"line":26,"column":4},"end":{"line":26,"column":45}},"13":{"start":{"line":29,"column":8},"end":{"line":29,"column":25}},"14":{"start":{"line":30,"column":8},"end":{"line":30,"column":76}},"15":{"start":{"line":36,"column":24},"end":{"line":53,"column":2}},"16":{"start":{"line":37,"column":16},"end":{"line":37,"column":29}},"17":{"start":{"line":41,"column":5},"end":{"line":45,"column":6}},"18":{"start":{"line":42,"column":8},"end":{"line":42,"column":49}},"19":{"start":{"line":44,"column":8},"end":{"line":44,"column":25}},"20":{"start":{"line":49,"column":5},"end":{"line":51,"column":6}},"21":{"start":{"line":50,"column":8},"end":{"line":50,"column":72}},"22":{"start":{"line":52,"column":6},"end":{"line":52,"column":48}},"23":{"start":{"line":57,"column":35},"end":{"line":75,"column":5}},"24":{"start":{"line":58,"column":19},"end":{"line":58,"column":32}},"25":{"start":{"line":60,"column":49},"end":{"line":60,"column":57}},"26":{"start":{"line":64,"column":9},"end":{"line":74,"column":5}},"27":{"start":{"line":65,"column":12},"end":{"line":68,"column":14}},"28":{"start":{"line":69,"column":13},"end":{"line":69,"column":93}},"29":{"start":{"line":69,"column":29},"end":{"line":69,"column":93}},"30":{"start":{"line":70,"column":8},"end":{"line":70,"column":50}},"31":{"start":{"line":72,"column":8},"end":{"line":72,"column":27}},"32":{"start":{"line":73,"column":8},"end":{"line":73,"column":65}}},"fnMap":{"0":{"name":"(anonymous_0)","decl":{"start":{"line":4,"column":32},"end":{"line":4,"column":33}},"loc":{"start":{"line":4,"column":52},"end":{"line":15,"column":1}},"line":4},"1":{"name":"(anonymous_1)","decl":{"start":{"line":18,"column":28},"end":{"line":18,"column":29}},"loc":{"start":{"line":18,"column":46},"end":{"line":33,"column":1}},"line":18},"2":{"name":"(anonymous_2)","decl":{"start":{"line":36,"column":24},"end":{"line":36,"column":25}},"loc":{"start":{"line":36,"column":41},"end":{"line":53,"column":2}},"line":36},"3":{"name":"(anonymous_3)","decl":{"start":{"line":57,"column":35},"end":{"line":57,"column":36}},"loc":{"start":{"line":57,"column":52},"end":{"line":75,"column":5}},"line":57}},"branchMap":{"0":{"loc":{"start":{"line":7,"column":8},"end":{"line":9,"column":9}},"type":"if","locations":[{"start":{"line":7,"column":8},"end":{"line":9,"column":9}},{"start":{},"end":{}}],"line":7},"1":{"loc":{"start":{"line":7,"column":12},"end":{"line":7,"column":50}},"type":"binary-expr","locations":[{"start":{"line":7,"column":12},"end":{"line":7,"column":23}},{"start":{"line":7,"column":27},"end":{"line":7,"column":50}}],"line":7},"2":{"loc":{"start":{"line":49,"column":5},"end":{"line":51,"column":6}},"type":"if","locations":[{"start":{"line":49,"column":5},"end":{"line":51,"column":6}},{"start":{},"end":{}}],"line":49},"3":{"loc":{"start":{"line":69,"column":13},"end":{"line":69,"column":93}},"type":"if","locations":[{"start":{"line":69,"column":13},"end":{"line":69,"column":93}},{"start":{},"end":{}}],"line":69}},"s":{"0":0,"1":0,"2":0,"3":0,"4":0,"5":0,"6":0,"7":0,"8":0,"9":0,"10":0,"11":0,"12":0,"13":0,"14":0,"15":0,"16":0,"17":0,"18":0,"19":0,"20":0,"21":0,"22":0,"23":0,"24":0,"25":0,"26":0,"27":0,"28":0,"29":0,"30":0,"31":0,"32":0},"f":{"0":0,"1":0,"2":0,"3":0},"b":{"0":[0,0],"1":[0,0],"2":[0,0],"3":[0,0]},"inputSourceMap":null}
,"C:\\Users\\Pawan\\Desktop\\Handwash+\\Backend\\src\\modules\\classrooms\\classroom.model.js": {"path":"C:\\Users\\Pawan\\Desktop\\Handwash+\\Backend\\src\\modules\\classrooms\\classroom.model.js","statementMap":{"0":{"start":{"line":2,"column":15},"end":{"line":2,"column":30}},"1":{"start":{"line":4,"column":24},"end":{"line":23,"column":2}},"2":{"start":{"line":24,"column":25},"end":{"line":24,"column":69}}},"fnMap":{},"branchMap":{},"s":{"0":0,"1":0,"2":0},"f":{},"b":{},"inputSourceMap":null}
,"C:\\Users\\Pawan\\Desktop\\Handwash+\\Backend\\src\\modules\\classrooms\\classroom.module.js": {"path":"C:\\Users\\Pawan\\Desktop\\Handwash+\\Backend\\src\\modules\\classrooms\\classroom.module.js","statementMap":{},"fnMap":{},"branchMap":{},"s":{},"f":{},"b":{},"inputSourceMap":null}
,"C:\\Users\\Pawan\\Desktop\\Handwash+\\Backend\\src\\modules\\classrooms\\classroom.repository.js": {"path":"C:\\Users\\Pawan\\Desktop\\Handwash+\\Backend\\src\\modules\\classrooms\\classroom.repository.js","statementMap":{},"fnMap":{},"branchMap":{},"s":{},"f":{},"b":{},"inputSourceMap":null}
,"C:\\Users\\Pawan\\Desktop\\Handwash+\\Backend\\src\\modules\\classrooms\\classroom.routes.js": {"path":"C:\\Users\\Pawan\\Desktop\\Handwash+\\Backend\\src\\modules\\classrooms\\classroom.routes.js","statementMap":{"0":{"start":{"line":2,"column":15},"end":{"line":2,"column":31}},"1":{"start":{"line":7,"column":0},"end":{"line":7,"column":33}},"2":{"start":{"line":8,"column":0},"end":{"line":8,"column":30}},"3":{"start":{"line":9,"column":0},"end":{"line":9,"column":27}},"4":{"start":{"line":10,"column":0},"end":{"line":10,"column":35}}},"fnMap":{},"branchMap":{},"s":{"0":0,"1":0,"2":0,"3":0,"4":0},"f":{},"b":{},"inputSourceMap":null}
,"C:\\Users\\Pawan\\Desktop\\Handwash+\\Backend\\src\\modules\\classrooms\\classroom.service.js": {"path":"C:\\Users\\Pawan\\Desktop\\Handwash+\\Backend\\src\\modules\\classrooms\\classroom.service.js","statementMap":{},"fnMap":{},"branchMap":{},"s":{},"f":{},"b":{},"inputSourceMap":null}
,"C:\\Users\\Pawan\\Desktop\\Handwash+\\Backend\\src\\modules\\classrooms\\_tests_\\classroom.js": {"path":"C:\\Users\\Pawan\\Desktop\\Handwash+\\Backend\\src\\modules\\classrooms\\_tests_\\classroom.js","statementMap":{},"fnMap":{},"branchMap":{},"s":{},"f":{},"b":{},"inputSourceMap":null}
,"C:\\Users\\Pawan\\Desktop\\Handwash+\\Backend\\src\\modules\\grades\\grade.controller.js": {"path":"C:\\Users\\Pawan\\Desktop\\Handwash+\\Backend\\src\\modules\\grades\\grade.controller.js","statementMap":{"0":{"start":{"line":3,"column":19},"end":{"line":3,"column":77}},"1":{"start":{"line":3,"column":27},"end":{"line":3,"column":77}},"2":{"start":{"line":3,"column":47},"end":{"line":3,"column":77}},"3":{"start":{"line":5,"column":11},"end":{"line":6,"column":56}},"4":{"start":{"line":6,"column":2},"end":{"line":6,"column":56}},"5":{"start":{"line":8,"column":16},"end":{"line":9,"column":56}},"6":{"start":{"line":9,"column":2},"end":{"line":9,"column":56}},"7":{"start":{"line":11,"column":22},"end":{"line":22,"column":1}},"8":{"start":{"line":12,"column":2},"end":{"line":19,"column":3}},"9":{"start":{"line":13,"column":4},"end":{"line":17,"column":5}},"10":{"start":{"line":14,"column":18},"end":{"line":14,"column":82}},"11":{"start":{"line":15,"column":6},"end":{"line":15,"column":23}},"12":{"start":{"line":16,"column":6},"end":{"line":16,"column":16}},"13":{"start":{"line":18,"column":4},"end":{"line":18,"column":30}},"14":{"start":{"line":21,"column":2},"end":{"line":21,"column":25}},"15":{"start":{"line":25,"column":17},"end":{"line":33,"column":4}},"16":{"start":{"line":26,"column":21},"end":{"line":26,"column":39}},"17":{"start":{"line":27,"column":22},"end":{"line":27,"column":30}},"18":{"start":{"line":28,"column":19},"end":{"line":28,"column":67}},"19":{"start":{"line":30,"column":24},"end":{"line":30,"column":74}},"20":{"start":{"line":30,"column":50},"end":{"line":30,"column":62}},"21":{"start":{"line":31,"column":20},"end":{"line":31,"column":70}},"22":{"start":{"line":32,"column":4},"end":{"line":32,"column":34}},"23":{"start":{"line":35,"column":23},"end":{"line":39,"column":4}},"24":{"start":{"line":36,"column":21},"end":{"line":36,"column":39}},"25":{"start":{"line":37,"column":18},"end":{"line":37,"column":75}},"26":{"start":{"line":38,"column":4},"end":{"line":38,"column":75}},"27":{"start":{"line":41,"column":14},"end":{"line":45,"column":4}},"28":{"start":{"line":42,"column":21},"end":{"line":42,"column":39}},"29":{"start":{"line":43,"column":19},"end":{"line":43,"column":57}},"30":{"start":{"line":44,"column":4},"end":{"line":44,"column":53}},"31":{"start":{"line":47,"column":13},"end":{"line":51,"column":4}},"32":{"start":{"line":48,"column":21},"end":{"line":48,"column":39}},"33":{"start":{"line":49,"column":18},"end":{"line":49,"column":79}},"34":{"start":{"line":50,"column":4},"end":{"line":50,"column":51}},"35":{"start":{"line":53,"column":16},"end":{"line":57,"column":4}},"36":{"start":{"line":54,"column":21},"end":{"line":54,"column":39}},"37":{"start":{"line":55,"column":18},"end":{"line":55,"column":88}},"38":{"start":{"line":56,"column":4},"end":{"line":56,"column":49}},"39":{"start":{"line":59,"column":20},"end":{"line":63,"column":4}},"40":{"start":{"line":60,"column":21},"end":{"line":60,"column":39}},"41":{"start":{"line":61,"column":18},"end":{"line":61,"column":82}},"42":{"start":{"line":62,"column":4},"end":{"line":62,"column":74}},"43":{"start":{"line":65,"column":22},"end":{"line":82,"column":4}},"44":{"start":{"line":66,"column":21},"end":{"line":66,"column":39}},"45":{"start":{"line":67,"column":43},"end":{"line":67,"column":51}},"46":{"start":{"line":69,"column":19},"end":{"line":75,"column":5}},"47":{"start":{"line":77,"column":4},"end":{"line":81,"column":6}},"48":{"start":{"line":84,"column":27},"end":{"line":92,"column":4}},"49":{"start":{"line":85,"column":19},"end":{"line":85,"column":77}},"50":{"start":{"line":87,"column":20},"end":{"line":89,"column":58}},"51":{"start":{"line":91,"column":4},"end":{"line":91,"column":29}}},"fnMap":{"0":{"name":"(anonymous_0)","decl":{"start":{"line":3,"column":19},"end":{"line":3,"column":20}},"loc":{"start":{"line":3,"column":27},"end":{"line":3,"column":77}},"line":3},"1":{"name":"(anonymous_1)","decl":{"start":{"line":3,"column":27},"end":{"line":3,"column":28}},"loc":{"start":{"line":3,"column":47},"end":{"line":3,"column":77}},"line":3},"2":{"name":"(anonymous_2)","decl":{"start":{"line":5,"column":11},"end":{"line":5,"column":12}},"loc":{"start":{"line":6,"column":2},"end":{"line":6,"column":56}},"line":6},"3":{"name":"(anonymous_3)","decl":{"start":{"line":8,"column":16},"end":{"line":8,"column":17}},"loc":{"start":{"line":9,"column":2},"end":{"line":9,"column":56}},"line":9},"4":{"name":"(anonymous_4)","decl":{"start":{"line":11,"column":22},"end":{"line":11,"column":23}},"loc":{"start":{"line":11,"column":31},"end":{"line":22,"column":1}},"line":11},"5":{"name":"(anonymous_5)","decl":{"start":{"line":25,"column":28},"end":{"line":25,"column":29}},"loc":{"start":{"line":25,"column":48},"end":{"line":33,"column":3}},"line":25},"6":{"name":"(anonymous_6)","decl":{"start":{"line":30,"column":43},"end":{"line":30,"column":44}},"loc":{"start":{"line":30,"column":50},"end":{"line":30,"column":62}},"line":30},"7":{"name":"(anonymous_7)","decl":{"start":{"line":35,"column":34},"end":{"line":35,"column":35}},"loc":{"start":{"line":35,"column":54},"end":{"line":39,"column":3}},"line":35},"8":{"name":"(anonymous_8)","decl":{"start":{"line":41,"column":25},"end":{"line":41,"column":26}},"loc":{"start":{"line":41,"column":45},"end":{"line":45,"column":3}},"line":41},"9":{"name":"(anonymous_9)","decl":{"start":{"line":47,"column":24},"end":{"line":47,"column":25}},"loc":{"start":{"line":47,"column":44},"end":{"line":51,"column":3}},"line":47},"10":{"name":"(anonymous_10)","decl":{"start":{"line":53,"column":27},"end":{"line":53,"column":28}},"loc":{"start":{"line":53,"column":47},"end":{"line":57,"column":3}},"line":53},"11":{"name":"(anonymous_11)","decl":{"start":{"line":59,"column":31},"end":{"line":59,"column":32}},"loc":{"start":{"line":59,"column":51},"end":{"line":63,"column":3}},"line":59},"12":{"name":"(anonymous_12)","decl":{"start":{"line":65,"column":33},"end":{"line":65,"column":34}},"loc":{"start":{"line":65,"column":53},"end":{"line":82,"column":3}},"line":65},"13":{"name":"(anonymous_13)","decl":{"start":{"line":84,"column":38},"end":{"line":84,"column":39}},"loc":{"start":{"line":84,"column":58},"end":{"line":92,"column":3}},"line":84}},"branchMap":{"0":{"loc":{"start":{"line":5,"column":23},"end":{"line":5,"column":42}},"type":"default-arg","locations":[{"start":{"line":5,"column":33},"end":{"line":5,"column":42}}],"line":5},"1":{"loc":{"start":{"line":8,"column":28},"end":{"line":8,"column":47}},"type":"default-arg","locations":[{"start":{"line":8,"column":38},"end":{"line":8,"column":47}}],"line":8},"2":{"loc":{"start":{"line":12,"column":2},"end":{"line":19,"column":3}},"type":"if","locations":[{"start":{"line":12,"column":2},"end":{"line":19,"column":3}},{"start":{},"end":{}}],"line":12},"3":{"loc":{"start":{"line":13,"column":4},"end":{"line":17,"column":5}},"type":"if","locations":[{"start":{"line":13,"column":4},"end":{"line":17,"column":5}},{"start":{},"end":{}}],"line":13},"4":{"loc":{"start":{"line":87,"column":20},"end":{"line":89,"column":58}},"type":"cond-expr","locations":[{"start":{"line":88,"column":8},"end":{"line":88,"column":125}},{"start":{"line":89,"column":8},"end":{"line":89,"column":58}}],"line":87}},"s":{"0":0,"1":0,"2":0,"3":0,"4":0,"5":0,"6":0,"7":0,"8":0,"9":0,"10":0,"11":0,"12":0,"13":0,"14":0,"15":0,"16":0,"17":0,"18":0,"19":0,"20":0,"21":0,"22":0,"23":0,"24":0,"25":0,"26":0,"27":0,"28":0,"29":0,"30":0,"31":0,"32":0,"33":0,"34":0,"35":0,"36":0,"37":0,"38":0,"39":0,"40":0,"41":0,"42":0,"43":0,"44":0,"45":0,"46":0,"47":0,"48":0,"49":0,"50":0,"51":0},"f":{"0":0,"1":0,"2":0,"3":0,"4":0,"5":0,"6":0,"7":0,"8":0,"9":0,"10":0,"11":0,"12":0,"13":0},"b":{"0":[0],"1":[0],"2":[0,0],"3":[0,0],"4":[0,0]},"inputSourceMap":null}
,"C:\\Users\\Pawan\\Desktop\\Handwash+\\Backend\\src\\modules\\grades\\grade.model.js": {"path":"C:\\Users\\Pawan\\Desktop\\Handwash+\\Backend\\src\\modules\\grades\\grade.model.js","statementMap":{"0":{"start":{"line":3,"column":19},"end":{"line":3,"column":27}},"1":{"start":{"line":5,"column":20},"end":{"line":74,"column":1}},"2":{"start":{"line":76,"column":0},"end":{"line":78,"column":3}},"3":{"start":{"line":77,"column":4},"end":{"line":77,"column":39}},"4":{"start":{"line":80,"column":0},"end":{"line":88,"column":3}},"5":{"start":{"line":81,"column":21},"end":{"line":81,"column":57}},"6":{"start":{"line":82,"column":22},"end":{"line":82,"column":57}},"7":{"start":{"line":84,"column":4},"end":{"line":84,"column":38}},"8":{"start":{"line":84,"column":23},"end":{"line":84,"column":38}},"9":{"start":{"line":85,"column":4},"end":{"line":85,"column":55}},"10":{"start":{"line":85,"column":37},"end":{"line":85,"column":55}},"11":{"start":{"line":86,"column":4},"end":{"line":86,"column":44}},"12":{"start":{"line":86,"column":31},"end":{"line":86,"column":44}},"13":{"start":{"line":87,"column":4},"end":{"line":87,"column":22}},"14":{"start":{"line":90,"column":0},"end":{"line":90,"column":67}},"15":{"start":{"line":92,"column":0},"end":{"line":92,"column":46}},"16":{"start":{"line":94,"column":14},"end":{"line":94,"column":50}}},"fnMap":{"0":{"name":"(anonymous_0)","decl":{"start":{"line":76,"column":37},"end":{"line":76,"column":38}},"loc":{"start":{"line":76,"column":49},"end":{"line":78,"column":1}},"line":76},"1":{"name":"(anonymous_1)","decl":{"start":{"line":80,"column":44},"end":{"line":80,"column":45}},"loc":{"start":{"line":80,"column":56},"end":{"line":88,"column":1}},"line":80}},"branchMap":{"0":{"loc":{"start":{"line":81,"column":21},"end":{"line":81,"column":57}},"type":"binary-expr","locations":[{"start":{"line":81,"column":21},"end":{"line":81,"column":52}},{"start":{"line":81,"column":56},"end":{"line":81,"column":57}}],"line":81},"1":{"loc":{"start":{"line":82,"column":22},"end":{"line":82,"column":57}},"type":"binary-expr","locations":[{"start":{"line":82,"column":22},"end":{"line":82,"column":50}},{"start":{"line":82,"column":54},"end":{"line":82,"column":57}}],"line":82},"2":{"loc":{"start":{"line":84,"column":4},"end":{"line":84,"column":38}},"type":"if","locations":[{"start":{"line":84,"column":4},"end":{"line":84,"column":38}},{"start":{},"end":{}}],"line":84},"3":{"loc":{"start":{"line":85,"column":4},"end":{"line":85,"column":55}},"type":"if","locations":[{"start":{"line":85,"column":4},"end":{"line":85,"column":55}},{"start":{},"end":{}}],"line":85},"4":{"loc":{"start":{"line":86,"column":4},"end":{"line":86,"column":44}},"type":"if","locations":[{"start":{"line":86,"column":4},"end":{"line":86,"column":44}},{"start":{},"end":{}}],"line":86}},"s":{"0":0,"1":0,"2":0,"3":0,"4":0,"5":0,"6":0,"7":0,"8":0,"9":0,"10":0,"11":0,"12":0,"13":0,"14":0,"15":0,"16":0},"f":{"0":0,"1":0},"b":{"0":[0,0],"1":[0,0],"2":[0,0],"3":[0,0],"4":[0,0]},"inputSourceMap":null}
,"C:\\Users\\Pawan\\Desktop\\Handwash+\\Backend\\src\\modules\\grades\\grade.routes.js": {"path":"C:\\Users\\Pawan\\Desktop\\Handwash+\\Backend\\src\\modules\\grades\\grade.routes.js","statementMap":{"0":{"start":{"line":14,"column":15},"end":{"line":14,"column":23}},"1":{"start":{"line":16,"column":0},"end":{"line":16,"column":77}},"2":{"start":{"line":18,"column":0},"end":{"line":22,"column":2}},"3":{"start":{"line":24,"column":0},"end":{"line":28,"column":2}},"4":{"start":{"line":30,"column":0},"end":{"line":34,"column":2}},"5":{"start":{"line":36,"column":0},"end":{"line":39,"column":2}},"6":{"start":{"line":41,"column":0},"end":{"line":44,"column":2}},"7":{"start":{"line":46,"column":0},"end":{"line":49,"column":2}},"8":{"start":{"line":51,"column":0},"end":{"line":55,"column":2}},"9":{"start":{"line":57,"column":0},"end":{"line":60,"column":2}}},"fnMap":{},"branchMap":{},"s":{"0":0,"1":0,"2":0,"3":0,"4":0,"5":0,"6":0,"7":0,"8":0,"9":0},"f":{},"b":{},"inputSourceMap":null}
,"C:\\Users\\Pawan\\Desktop\\Handwash+\\Backend\\src\\modules\\grades\\grade.service.js": {"path":"C:\\Users\\Pawan\\Desktop\\Handwash+\\Backend\\src\\modules\\grades\\grade.service.js","statementMap":{"0":{"start":{"line":7,"column":17},"end":{"line":7,"column":92}},"1":{"start":{"line":7,"column":46},"end":{"line":7,"column":92}},"2":{"start":{"line":8,"column":19},"end":{"line":8,"column":74}},"3":{"start":{"line":8,"column":28},"end":{"line":8,"column":74}},"4":{"start":{"line":9,"column":17},"end":{"line":9,"column":72}},"5":{"start":{"line":9,"column":26},"end":{"line":9,"column":72}},"6":{"start":{"line":13,"column":4},"end":{"line":15,"column":5}},"7":{"start":{"line":14,"column":6},"end":{"line":14,"column":64}},"8":{"start":{"line":17,"column":27},"end":{"line":17,"column":87}},"9":{"start":{"line":18,"column":28},"end":{"line":18,"column":68}},"10":{"start":{"line":18,"column":54},"end":{"line":18,"column":67}},"11":{"start":{"line":20,"column":28},"end":{"line":20,"column":30}},"12":{"start":{"line":21,"column":4},"end":{"line":25,"column":5}},"13":{"start":{"line":21,"column":17},"end":{"line":21,"column":18}},"14":{"start":{"line":22,"column":6},"end":{"line":24,"column":7}},"15":{"start":{"line":23,"column":8},"end":{"line":23,"column":32}},"16":{"start":{"line":27,"column":4},"end":{"line":29,"column":5}},"17":{"start":{"line":28,"column":6},"end":{"line":28,"column":91}},"18":{"start":{"line":31,"column":22},"end":{"line":34,"column":7}},"19":{"start":{"line":31,"column":52},"end":{"line":34,"column":5}},"20":{"start":{"line":36,"column":26},"end":{"line":36,"column":55}},"21":{"start":{"line":38,"column":4},"end":{"line":42,"column":6}},"22":{"start":{"line":39,"column":40},"end":{"line":39,"column":53}},"23":{"start":{"line":40,"column":47},"end":{"line":40,"column":59}},"24":{"start":{"line":46,"column":56},"end":{"line":46,"column":62}},"25":{"start":{"line":48,"column":26},"end":{"line":48,"column":80}},"26":{"start":{"line":49,"column":4},"end":{"line":67,"column":5}},"27":{"start":{"line":50,"column":6},"end":{"line":66,"column":7}},"28":{"start":{"line":51,"column":8},"end":{"line":51,"column":77}},"29":{"start":{"line":54,"column":8},"end":{"line":54,"column":38}},"30":{"start":{"line":55,"column":8},"end":{"line":57,"column":9}},"31":{"start":{"line":56,"column":10},"end":{"line":56,"column":52}},"32":{"start":{"line":58,"column":8},"end":{"line":63,"column":9}},"33":{"start":{"line":59,"column":10},"end":{"line":61,"column":11}},"34":{"start":{"line":60,"column":12},"end":{"line":60,"column":78}},"35":{"start":{"line":62,"column":10},"end":{"line":62,"column":62}},"36":{"start":{"line":64,"column":8},"end":{"line":64,"column":35}},"37":{"start":{"line":65,"column":8},"end":{"line":65,"column":29}},"38":{"start":{"line":69,"column":21},"end":{"line":73,"column":5}},"39":{"start":{"line":75,"column":4},"end":{"line":81,"column":5}},"40":{"start":{"line":76,"column":6},"end":{"line":80,"column":8}},"41":{"start":{"line":83,"column":21},"end":{"line":83,"column":49}},"42":{"start":{"line":84,"column":4},"end":{"line":84,"column":20}},"43":{"start":{"line":88,"column":19},"end":{"line":90,"column":31}},"44":{"start":{"line":92,"column":4},"end":{"line":92,"column":18}},"45":{"start":{"line":96,"column":18},"end":{"line":98,"column":50}},"46":{"start":{"line":100,"column":4},"end":{"line":100,"column":65}},"47":{"start":{"line":100,"column":16},"end":{"line":100,"column":65}},"48":{"start":{"line":102,"column":4},"end":{"line":102,"column":17}},"49":{"start":{"line":106,"column":20},"end":{"line":106,"column":22}},"50":{"start":{"line":108,"column":4},"end":{"line":110,"column":5}},"51":{"start":{"line":109,"column":6},"end":{"line":109,"column":54}},"52":{"start":{"line":112,"column":4},"end":{"line":114,"column":5}},"53":{"start":{"line":113,"column":6},"end":{"line":113,"column":67}},"54":{"start":{"line":116,"column":4},"end":{"line":118,"column":5}},"55":{"start":{"line":117,"column":6},"end":{"line":117,"column":73}},"56":{"start":{"line":120,"column":4},"end":{"line":122,"column":5}},"57":{"start":{"line":121,"column":6},"end":{"line":121,"column":52}},"58":{"start":{"line":124,"column":25},"end":{"line":128,"column":5}},"59":{"start":{"line":130,"column":4},"end":{"line":130,"column":72}},"60":{"start":{"line":130,"column":23},"end":{"line":130,"column":72}},"61":{"start":{"line":132,"column":4},"end":{"line":132,"column":24}},"62":{"start":{"line":136,"column":18},"end":{"line":136,"column":73}},"63":{"start":{"line":138,"column":4},"end":{"line":138,"column":65}},"64":{"start":{"line":138,"column":16},"end":{"line":138,"column":65}},"65":{"start":{"line":140,"column":4},"end":{"line":142,"column":5}},"66":{"start":{"line":141,"column":6},"end":{"line":141,"column":60}},"67":{"start":{"line":144,"column":4},"end":{"line":144,"column":27}},"68":{"start":{"line":145,"column":4},"end":{"line":145,"column":23}},"69":{"start":{"line":147,"column":4},"end":{"line":147,"column":17}},"70":{"start":{"line":151,"column":4},"end":{"line":153,"column":5}},"71":{"start":{"line":152,"column":6},"end":{"line":152,"column":67}},"72":{"start":{"line":155,"column":18},"end":{"line":159,"column":6}},"73":{"start":{"line":161,"column":4},"end":{"line":163,"column":5}},"74":{"start":{"line":162,"column":6},"end":{"line":162,"column":62}},"75":{"start":{"line":165,"column":23},"end":{"line":168,"column":6}},"76":{"start":{"line":170,"column":4},"end":{"line":172,"column":5}},"77":{"start":{"line":171,"column":6},"end":{"line":171,"column":77}},"78":{"start":{"line":174,"column":24},"end":{"line":174,"column":63}},"79":{"start":{"line":175,"column":25},"end":{"line":175,"column":62}},"80":{"start":{"line":177,"column":4},"end":{"line":181,"column":5}},"81":{"start":{"line":178,"column":6},"end":{"line":180,"column":8}},"82":{"start":{"line":183,"column":4},"end":{"line":203,"column":5}},"83":{"start":{"line":184,"column":6},"end":{"line":202,"column":8}},"84":{"start":{"line":205,"column":4},"end":{"line":205,"column":65}},"85":{"start":{"line":206,"column":4},"end":{"line":206,"column":51}},"86":{"start":{"line":207,"column":4},"end":{"line":207,"column":47}},"87":{"start":{"line":209,"column":4},"end":{"line":209,"column":23}},"88":{"start":{"line":211,"column":4},"end":{"line":218,"column":6}},"89":{"start":{"line":222,"column":19},"end":{"line":222,"column":50}},"90":{"start":{"line":223,"column":4},"end":{"line":223,"column":52}},"91":{"start":{"line":223,"column":17},"end":{"line":223,"column":52}},"92":{"start":{"line":225,"column":19},"end":{"line":225,"column":73}},"93":{"start":{"line":227,"column":20},"end":{"line":233,"column":5}},"94":{"start":{"line":235,"column":27},"end":{"line":235,"column":29}},"95":{"start":{"line":237,"column":4},"end":{"line":244,"column":7}},"96":{"start":{"line":238,"column":21},"end":{"line":238,"column":43}},"97":{"start":{"line":239,"column":6},"end":{"line":239,"column":24}},"98":{"start":{"line":241,"column":6},"end":{"line":243,"column":7}},"99":{"start":{"line":242,"column":8},"end":{"line":242,"column":35}},"100":{"start":{"line":246,"column":4},"end":{"line":256,"column":5}},"101":{"start":{"line":247,"column":25},"end":{"line":247,"column":55}},"102":{"start":{"line":248,"column":6},"end":{"line":255,"column":7}},"103":{"start":{"line":249,"column":8},"end":{"line":254,"column":9}},"104":{"start":{"line":250,"column":10},"end":{"line":250,"column":84}},"105":{"start":{"line":251,"column":10},"end":{"line":251,"column":41}},"106":{"start":{"line":253,"column":10},"end":{"line":253,"column":59}},"107":{"start":{"line":258,"column":4},"end":{"line":268,"column":6}},"108":{"start":{"line":262,"column":34},"end":{"line":267,"column":7}}},"fnMap":{"0":{"name":"(anonymous_0)","decl":{"start":{"line":7,"column":17},"end":{"line":7,"column":18}},"loc":{"start":{"line":7,"column":46},"end":{"line":7,"column":92}},"line":7},"1":{"name":"(anonymous_1)","decl":{"start":{"line":8,"column":19},"end":{"line":8,"column":20}},"loc":{"start":{"line":8,"column":28},"end":{"line":8,"column":74}},"line":8},"2":{"name":"(anonymous_2)","decl":{"start":{"line":9,"column":17},"end":{"line":9,"column":18}},"loc":{"start":{"line":9,"column":26},"end":{"line":9,"column":72}},"line":9},"3":{"name":"(anonymous_3)","decl":{"start":{"line":12,"column":2},"end":{"line":12,"column":3}},"loc":{"start":{"line":12,"column":38},"end":{"line":43,"column":3}},"line":12},"4":{"name":"(anonymous_4)","decl":{"start":{"line":18,"column":47},"end":{"line":18,"column":48}},"loc":{"start":{"line":18,"column":54},"end":{"line":18,"column":67}},"line":18},"5":{"name":"(anonymous_5)","decl":{"start":{"line":31,"column":42},"end":{"line":31,"column":43}},"loc":{"start":{"line":31,"column":52},"end":{"line":34,"column":5}},"line":31},"6":{"name":"(anonymous_6)","decl":{"start":{"line":39,"column":33},"end":{"line":39,"column":34}},"loc":{"start":{"line":39,"column":40},"end":{"line":39,"column":53}},"line":39},"7":{"name":"(anonymous_7)","decl":{"start":{"line":40,"column":38},"end":{"line":40,"column":39}},"loc":{"start":{"line":40,"column":47},"end":{"line":40,"column":59}},"line":40},"8":{"name":"(anonymous_8)","decl":{"start":{"line":45,"column":2},"end":{"line":45,"column":3}},"loc":{"start":{"line":45,"column":45},"end":{"line":85,"column":3}},"line":45},"9":{"name":"(anonymous_9)","decl":{"start":{"line":87,"column":2},"end":{"line":87,"column":3}},"loc":{"start":{"line":87,"column":28},"end":{"line":93,"column":3}},"line":87},"10":{"name":"(anonymous_10)","decl":{"start":{"line":95,"column":2},"end":{"line":95,"column":3}},"loc":{"start":{"line":95,"column":40},"end":{"line":103,"column":3}},"line":95},"11":{"name":"(anonymous_11)","decl":{"start":{"line":105,"column":2},"end":{"line":105,"column":3}},"loc":{"start":{"line":105,"column":52},"end":{"line":133,"column":3}},"line":105},"12":{"name":"(anonymous_12)","decl":{"start":{"line":135,"column":2},"end":{"line":135,"column":3}},"loc":{"start":{"line":135,"column":43},"end":{"line":148,"column":3}},"line":135},"13":{"name":"(anonymous_13)","decl":{"start":{"line":150,"column":2},"end":{"line":150,"column":3}},"loc":{"start":{"line":150,"column":86},"end":{"line":219,"column":3}},"line":150},"14":{"name":"(anonymous_14)","decl":{"start":{"line":221,"column":2},"end":{"line":221,"column":3}},"loc":{"start":{"line":221,"column":41},"end":{"line":269,"column":3}},"line":221},"15":{"name":"(anonymous_15)","decl":{"start":{"line":237,"column":19},"end":{"line":237,"column":20}},"loc":{"start":{"line":237,"column":30},"end":{"line":244,"column":5}},"line":237},"16":{"name":"(anonymous_16)","decl":{"start":{"line":262,"column":26},"end":{"line":262,"column":27}},"loc":{"start":{"line":262,"column":34},"end":{"line":267,"column":7}},"line":262}},"branchMap":{"0":{"loc":{"start":{"line":7,"column":18},"end":{"line":7,"column":41}},"type":"default-arg","locations":[{"start":{"line":7,"column":24},"end":{"line":7,"column":41}}],"line":7},"1":{"loc":{"start":{"line":13,"column":4},"end":{"line":15,"column":5}},"type":"if","locations":[{"start":{"line":13,"column":4},"end":{"line":15,"column":5}},{"start":{},"end":{}}],"line":13},"2":{"loc":{"start":{"line":13,"column":8},"end":{"line":13,"column":41}},"type":"binary-expr","locations":[{"start":{"line":13,"column":8},"end":{"line":13,"column":14}},{"start":{"line":13,"column":18},"end":{"line":13,"column":27}},{"start":{"line":13,"column":31},"end":{"line":13,"column":41}}],"line":13},"3":{"loc":{"start":{"line":22,"column":6},"end":{"line":24,"column":7}},"type":"if","locations":[{"start":{"line":22,"column":6},"end":{"line":24,"column":7}},{"start":{},"end":{}}],"line":22},"4":{"loc":{"start":{"line":27,"column":4},"end":{"line":29,"column":5}},"type":"if","locations":[{"start":{"line":27,"column":4},"end":{"line":29,"column":5}},{"start":{},"end":{}}],"line":27},"5":{"loc":{"start":{"line":49,"column":4},"end":{"line":67,"column":5}},"type":"if","locations":[{"start":{"line":49,"column":4},"end":{"line":67,"column":5}},{"start":{},"end":{}}],"line":49},"6":{"loc":{"start":{"line":50,"column":6},"end":{"line":66,"column":7}},"type":"if","locations":[{"start":{"line":50,"column":6},"end":{"line":66,"column":7}},{"start":{"line":52,"column":13},"end":{"line":66,"column":7}}],"line":50},"7":{"loc":{"start":{"line":55,"column":8},"end":{"line":57,"column":9}},"type":"if","locations":[{"start":{"line":55,"column":8},"end":{"line":57,"column":9}},{"start":{},"end":{}}],"line":55},"8":{"loc":{"start":{"line":58,"column":8},"end":{"line":63,"column":9}},"type":"if","locations":[{"start":{"line":58,"column":8},"end":{"line":63,"column":9}},{"start":{},"end":{}}],"line":58},"9":{"loc":{"start":{"line":59,"column":10},"end":{"line":61,"column":11}},"type":"if","locations":[{"start":{"line":59,"column":10},"end":{"line":61,"column":11}},{"start":{},"end":{}}],"line":59},"10":{"loc":{"start":{"line":72,"column":10},"end":{"line":72,"column":56}},"type":"binary-expr","locations":[{"start":{"line":72,"column":10},"end":{"line":72,"column":36}},{"start":{"line":72,"column":40},"end":{"line":72,"column":56}}],"line":72},"11":{"loc":{"start":{"line":75,"column":4},"end":{"line":81,"column":5}},"type":"if","locations":[{"start":{"line":75,"column":4},"end":{"line":81,"column":5}},{"start":{},"end":{}}],"line":75},"12":{"loc":{"start":{"line":100,"column":4},"end":{"line":100,"column":65}},"type":"if","locations":[{"start":{"line":100,"column":4},"end":{"line":100,"column":65}},{"start":{},"end":{}}],"line":100},"13":{"loc":{"start":{"line":108,"column":4},"end":{"line":110,"column":5}},"type":"if","locations":[{"start":{"line":108,"column":4},"end":{"line":110,"column":5}},{"start":{},"end":{}}],"line":108},"14":{"loc":{"start":{"line":112,"column":4},"end":{"line":114,"column":5}},"type":"if","locations":[{"start":{"line":112,"column":4},"end":{"line":114,"column":5}},{"start":{},"end":{}}],"line":112},"15":{"loc":{"start":{"line":116,"column":4},"end":{"line":118,"column":5}},"type":"if","locations":[{"start":{"line":116,"column":4},"end":{"line":118,"column":5}},{"start":{},"end":{}}],"line":116},"16":{"loc":{"start":{"line":120,"column":4},"end":{"line":122,"column":5}},"type":"if","locations":[{"start":{"line":120,"column":4},"end":{"line":122,"column":5}},{"start":{},"end":{}}],"line":120},"17":{"loc":{"start":{"line":130,"column":4},"end":{"line":130,"column":72}},"type":"if","locations":[{"start":{"line":130,"column":4},"end":{"line":130,"column":72}},{"start":{},"end":{}}],"line":130},"18":{"loc":{"start":{"line":138,"column":4},"end":{"line":138,"column":65}},"type":"if","locations":[{"start":{"line":138,"column":4},"end":{"line":138,"column":65}},{"start":{},"end":{}}],"line":138},"19":{"loc":{"start":{"line":140,"column":4},"end":{"line":142,"column":5}},"type":"if","locations":[{"start":{"line":140,"column":4},"end":{"line":142,"column":5}},{"start":{},"end":{}}],"line":140},"20":{"loc":{"start":{"line":151,"column":4},"end":{"line":153,"column":5}},"type":"if","locations":[{"start":{"line":151,"column":4},"end":{"line":153,"column":5}},{"start":{},"end":{}}],"line":151},"21":{"loc":{"start":{"line":151,"column":8},"end":{"line":151,"column":55}},"type":"binary-expr","locations":[{"start":{"line":151,"column":8},"end":{"line":151,"column":28}},{"start":{"line":151,"column":32},"end":{"line":151,"column":55}}],"line":151},"22":{"loc":{"start":{"line":161,"column":4},"end":{"line":163,"column":5}},"type":"if","locations":[{"start":{"line":161,"column":4},"end":{"line":163,"column":5}},{"start":{},"end":{}}],"line":161},"23":{"loc":{"start":{"line":170,"column":4},"end":{"line":172,"column":5}},"type":"if","locations":[{"start":{"line":170,"column":4},"end":{"line":172,"column":5}},{"start":{},"end":{}}],"line":170},"24":{"loc":{"start":{"line":170,"column":8},"end":{"line":170,"column":46}},"type":"binary-expr","locations":[{"start":{"line":170,"column":8},"end":{"line":170,"column":19}},{"start":{"line":170,"column":23},"end":{"line":170,"column":46}}],"line":170},"25":{"loc":{"start":{"line":175,"column":25},"end":{"line":175,"column":62}},"type":"binary-expr","locations":[{"start":{"line":175,"column":25},"end":{"line":175,"column":57}},{"start":{"line":175,"column":61},"end":{"line":175,"column":62}}],"line":175},"26":{"loc":{"start":{"line":177,"column":4},"end":{"line":181,"column":5}},"type":"if","locations":[{"start":{"line":177,"column":4},"end":{"line":181,"column":5}},{"start":{},"end":{}}],"line":177},"27":{"loc":{"start":{"line":206,"column":36},"end":{"line":206,"column":50}},"type":"binary-expr","locations":[{"start":{"line":206,"column":36},"end":{"line":206,"column":42}},{"start":{"line":206,"column":46},"end":{"line":206,"column":50}}],"line":206},"28":{"loc":{"start":{"line":223,"column":4},"end":{"line":223,"column":52}},"type":"if","locations":[{"start":{"line":223,"column":4},"end":{"line":223,"column":52}},{"start":{},"end":{}}],"line":223},"29":{"loc":{"start":{"line":241,"column":6},"end":{"line":243,"column":7}},"type":"if","locations":[{"start":{"line":241,"column":6},"end":{"line":243,"column":7}},{"start":{},"end":{}}],"line":241},"30":{"loc":{"start":{"line":241,"column":10},"end":{"line":241,"column":53}},"type":"binary-expr","locations":[{"start":{"line":241,"column":10},"end":{"line":241,"column":28}},{"start":{"line":241,"column":32},"end":{"line":241,"column":53}}],"line":241},"31":{"loc":{"start":{"line":246,"column":4},"end":{"line":256,"column":5}},"type":"if","locations":[{"start":{"line":246,"column":4},"end":{"line":256,"column":5}},{"start":{},"end":{}}],"line":246},"32":{"loc":{"start":{"line":248,"column":6},"end":{"line":255,"column":7}},"type":"if","locations":[{"start":{"line":248,"column":6},"end":{"line":255,"column":7}},{"start":{},"end":{}}],"line":248}},"s":{"0":0,"1":0,"2":0,"3":0,"4":0,"5":0,"6":0,"7":0,"8":0,"9":0,"10":0,"11":0,"12":0,"13":0,"14":0,"15":0,"16":0,"17":0,"18":0,"19":0,"20":0,"21":0,"22":0,"23":0,"24":0,"25":0,"26":0,"27":0,"28":0,"29":0,"30":0,"31":0,"32":0,"33":0,"34":0,"35":0,"36":0,"37":0,"38":0,"39":0,"40":0,"41":0,"42":0,"43":0,"44":0,"45":0,"46":0,"47":0,"48":0,"49":0,"50":0,"51":0,"52":0,"53":0,"54":0,"55":0,"56":0,"57":0,"58":0,"59":0,"60":0,"61":0,"62":0,"63":0,"64":0,"65":0,"66":0,"67":0,"68":0,"69":0,"70":0,"71":0,"72":0,"73":0,"74":0,"75":0,"76":0,"77":0,"78":0,"79":0,"80":0,"81":0,"82":0,"83":0,"84":0,"85":0,"86":0,"87":0,"88":0,"89":0,"90":0,"91":0,"92":0,"93":0,"94":0,"95":0,"96":0,"97":0,"98":0,"99":0,"100":0,"101":0,"102":0,"103":0,"104":0,"105":0,"106":0,"107":0,"108":0},"f":{"0":0,"1":0,"2":0,"3":0,"4":0,"5":0,"6":0,"7":0,"8":0,"9":0,"10":0,"11":0,"12":0,"13":0,"14":0,"15":0,"16":0},"b":{"0":[0],"1":[0,0],"2":[0,0,0],"3":[0,0],"4":[0,0],"5":[0,0],"6":[0,0],"7":[0,0],"8":[0,0],"9":[0,0],"10":[0,0],"11":[0,0],"12":[0,0],"13":[0,0],"14":[0,0],"15":[0,0],"16":[0,0],"17":[0,0],"18":[0,0],"19":[0,0],"20":[0,0],"21":[0,0],"22":[0,0],"23":[0,0],"24":[0,0],"25":[0,0],"26":[0,0],"27":[0,0],"28":[0,0],"29":[0,0],"30":[0,0],"31":[0,0],"32":[0,0]},"inputSourceMap":null}
,"C:\\Users\\Pawan\\Desktop\\Handwash+\\Backend\\src\\modules\\grades\\grade.validation.js": {"path":"C:\\Users\\Pawan\\Desktop\\Handwash+\\Backend\\src\\modules\\grades\\grade.validation.js","statementMap":{"0":{"start":{"line":3,"column":34},"end":{"line":16,"column":2}},"1":{"start":{"line":18,"column":43},"end":{"line":33,"column":2}},"2":{"start":{"line":35,"column":33},"end":{"line":62,"column":4}},"3":{"start":{"line":64,"column":39},"end":{"line":84,"column":2}}},"fnMap":{},"branchMap":{},"s":{"0":0,"1":0,"2":0,"3":0},"f":{},"b":{},"inputSourceMap":null}
,"C:\\Users\\Pawan\\Desktop\\Handwash+\\Backend\\src\\modules\\post\\post.controller.js": {"path":"C:\\Users\\Pawan\\Desktop\\Handwash+\\Backend\\src\\modules\\post\\post.controller.js","statementMap":{"0":{"start":{"line":3,"column":26},"end":{"line":15,"column":1}},"1":{"start":{"line":4,"column":2},"end":{"line":14,"column":3}},"2":{"start":{"line":5,"column":17},"end":{"line":9,"column":6}},"3":{"start":{"line":11,"column":4},"end":{"line":11,"column":31}},"4":{"start":{"line":13,"column":4},"end":{"line":13,"column":53}},"5":{"start":{"line":22,"column":26},"end":{"line":34,"column":1}},"6":{"start":{"line":23,"column":2},"end":{"line":33,"column":3}},"7":{"start":{"line":24,"column":4},"end":{"line":24,"column":45}},"8":{"start":{"line":26,"column":18},"end":{"line":28,"column":30}},"9":{"start":{"line":30,"column":4},"end":{"line":30,"column":32}},"10":{"start":{"line":32,"column":4},"end":{"line":32,"column":53}},"11":{"start":{"line":38,"column":27},"end":{"line":44,"column":1}},"12":{"start":{"line":39,"column":16},"end":{"line":41,"column":28}},"13":{"start":{"line":43,"column":2},"end":{"line":43,"column":18}},"14":{"start":{"line":46,"column":26},"end":{"line":76,"column":1}},"15":{"start":{"line":47,"column":2},"end":{"line":75,"column":3}},"16":{"start":{"line":48,"column":4},"end":{"line":48,"column":35}},"17":{"start":{"line":50,"column":4},"end":{"line":52,"column":5}},"18":{"start":{"line":51,"column":6},"end":{"line":51,"column":71}},"19":{"start":{"line":54,"column":31},"end":{"line":54,"column":39}},"20":{"start":{"line":56,"column":17},"end":{"line":56,"column":51}},"21":{"start":{"line":58,"column":4},"end":{"line":60,"column":5}},"22":{"start":{"line":59,"column":6},"end":{"line":59,"column":65}},"23":{"start":{"line":62,"column":4},"end":{"line":64,"column":5}},"24":{"start":{"line":63,"column":6},"end":{"line":63,"column":63}},"25":{"start":{"line":66,"column":4},"end":{"line":66,"column":48}},"26":{"start":{"line":66,"column":29},"end":{"line":66,"column":48}},"27":{"start":{"line":67,"column":4},"end":{"line":67,"column":54}},"28":{"start":{"line":67,"column":31},"end":{"line":67,"column":54}},"29":{"start":{"line":69,"column":4},"end":{"line":69,"column":22}},"30":{"start":{"line":71,"column":4},"end":{"line":71,"column":19}},"31":{"start":{"line":74,"column":4},"end":{"line":74,"column":53}},"32":{"start":{"line":78,"column":26},"end":{"line":91,"column":1}},"33":{"start":{"line":79,"column":15},"end":{"line":79,"column":49}},"34":{"start":{"line":81,"column":2},"end":{"line":83,"column":3}},"35":{"start":{"line":82,"column":4},"end":{"line":82,"column":63}},"36":{"start":{"line":85,"column":2},"end":{"line":87,"column":3}},"37":{"start":{"line":86,"column":4},"end":{"line":86,"column":61}},"38":{"start":{"line":89,"column":2},"end":{"line":89,"column":25}},"39":{"start":{"line":90,"column":2},"end":{"line":90,"column":53}}},"fnMap":{"0":{"name":"(anonymous_0)","decl":{"start":{"line":3,"column":26},"end":{"line":3,"column":27}},"loc":{"start":{"line":3,"column":46},"end":{"line":15,"column":1}},"line":3},"1":{"name":"(anonymous_1)","decl":{"start":{"line":22,"column":26},"end":{"line":22,"column":27}},"loc":{"start":{"line":22,"column":46},"end":{"line":34,"column":1}},"line":22},"2":{"name":"(anonymous_2)","decl":{"start":{"line":38,"column":27},"end":{"line":38,"column":28}},"loc":{"start":{"line":38,"column":47},"end":{"line":44,"column":1}},"line":38},"3":{"name":"(anonymous_3)","decl":{"start":{"line":46,"column":26},"end":{"line":46,"column":27}},"loc":{"start":{"line":46,"column":46},"end":{"line":76,"column":1}},"line":46},"4":{"name":"(anonymous_4)","decl":{"start":{"line":78,"column":26},"end":{"line":78,"column":27}},"loc":{"start":{"line":78,"column":46},"end":{"line":91,"column":1}},"line":78}},"branchMap":{"0":{"loc":{"start":{"line":50,"column":4},"end":{"line":52,"column":5}},"type":"if","locations":[{"start":{"line":50,"column":4},"end":{"line":52,"column":5}},{"start":{},"end":{}}],"line":50},"1":{"loc":{"start":{"line":58,"column":4},"end":{"line":60,"column":5}},"type":"if","locations":[{"start":{"line":58,"column":4},"end":{"line":60,"column":5}},{"start":{},"end":{}}],"line":58},"2":{"loc":{"start":{"line":62,"column":4},"end":{"line":64,"column":5}},"type":"if","locations":[{"start":{"line":62,"column":4},"end":{"line":64,"column":5}},{"start":{},"end":{}}],"line":62},"3":{"loc":{"start":{"line":66,"column":4},"end":{"line":66,"column":48}},"type":"if","locations":[{"start":{"line":66,"column":4},"end":{"line":66,"column":48}},{"start":{},"end":{}}],"line":66},"4":{"loc":{"start":{"line":67,"column":4},"end":{"line":67,"column":54}},"type":"if","locations":[{"start":{"line":67,"column":4},"end":{"line":67,"column":54}},{"start":{},"end":{}}],"line":67},"5":{"loc":{"start":{"line":81,"column":2},"end":{"line":83,"column":3}},"type":"if","locations":[{"start":{"line":81,"column":2},"end":{"line":83,"column":3}},{"start":{},"end":{}}],"line":81},"6":{"loc":{"start":{"line":85,"column":2},"end":{"line":87,"column":3}},"type":"if","locations":[{"start":{"line":85,"column":2},"end":{"line":87,"column":3}},{"start":{},"end":{}}],"line":85}},"s":{"0":0,"1":0,"2":0,"3":0,"4":0,"5":0,"6":0,"7":0,"8":0,"9":0,"10":0,"11":0,"12":0,"13":0,"14":0,"15":0,"16":0,"17":0,"18":0,"19":0,"20":0,"21":0,"22":0,"23":0,"24":0,"25":0,"26":0,"27":0,"28":0,"29":0,"30":0,"31":0,"32":0,"33":0,"34":0,"35":0,"36":0,"37":0,"38":0,"39":0},"f":{"0":0,"1":0,"2":0,"3":0,"4":0},"b":{"0":[0,0],"1":[0,0],"2":[0,0],"3":[0,0],"4":[0,0],"5":[0,0],"6":[0,0]},"inputSourceMap":null}
,"C:\\Users\\Pawan\\Desktop\\Handwash+\\Backend\\src\\modules\\post\\post.model.js": {"path":"C:\\Users\\Pawan\\Desktop\\Handwash+\\Backend\\src\\modules\\post\\post.model.js","statementMap":{"0":{"start":{"line":3,"column":19},"end":{"line":20,"column":1}}},"fnMap":{},"branchMap":{},"s":{"0":0},"f":{},"b":{},"inputSourceMap":null}
,"C:\\Users\\Pawan\\Desktop\\Handwash+\\Backend\\src\\modules\\post\\post.routes.js": {"path":"C:\\Users\\Pawan\\Desktop\\Handwash+\\Backend\\src\\modules\\post\\post.routes.js","statementMap":{"0":{"start":{"line":10,"column":15},"end":{"line":10,"column":31}},"1":{"start":{"line":12,"column":0},"end":{"line":12,"column":51}},"2":{"start":{"line":13,"column":0},"end":{"line":13,"column":52}},"3":{"start":{"line":14,"column":0},"end":{"line":14,"column":29}},"4":{"start":{"line":15,"column":0},"end":{"line":15,"column":47}},"5":{"start":{"line":16,"column":0},"end":{"line":16,"column":50}}},"fnMap":{},"branchMap":{},"s":{"0":0,"1":0,"2":0,"3":0,"4":0,"5":0},"f":{},"b":{},"inputSourceMap":null}
,"C:\\Users\\Pawan\\Desktop\\Handwash+\\Backend\\src\\modules\\quiz\\quiz.controller.js": {"path":"C:\\Users\\Pawan\\Desktop\\Handwash+\\Backend\\src\\modules\\quiz\\quiz.controller.js","statementMap":{"0":{"start":{"line":6,"column":26},"end":{"line":44,"column":1}},"1":{"start":{"line":7,"column":4},"end":{"line":43,"column":5}},"2":{"start":{"line":9,"column":49},"end":{"line":9,"column":57}},"3":{"start":{"line":12,"column":8},"end":{"line":14,"column":9}},"4":{"start":{"line":13,"column":12},"end":{"line":13,"column":77}},"5":{"start":{"line":17,"column":26},"end":{"line":17,"column":63}},"6":{"start":{"line":19,"column":8},"end":{"line":22,"column":9}},"7":{"start":{"line":20,"column":13},"end":{"line":20,"column":74}},"8":{"start":{"line":25,"column":9},"end":{"line":27,"column":10}},"9":{"start":{"line":26,"column":9},"end":{"line":26,"column":99}},"10":{"start":{"line":30,"column":21},"end":{"line":35,"column":10}},"11":{"start":{"line":37,"column":8},"end":{"line":40,"column":11}},"12":{"start":{"line":42,"column":8},"end":{"line":42,"column":57}},"13":{"start":{"line":48,"column":37},"end":{"line":58,"column":1}},"14":{"start":{"line":49,"column":4},"end":{"line":57,"column":5}},"15":{"start":{"line":50,"column":24},"end":{"line":52,"column":32}},"16":{"start":{"line":54,"column":8},"end":{"line":54,"column":38}},"17":{"start":{"line":56,"column":9},"end":{"line":56,"column":55}},"18":{"start":{"line":61,"column":26},"end":{"line":103,"column":1}},"19":{"start":{"line":62,"column":4},"end":{"line":102,"column":5}},"20":{"start":{"line":63,"column":68},"end":{"line":63,"column":76}},"21":{"start":{"line":64,"column":21},"end":{"line":64,"column":79}},"22":{"start":{"line":67,"column":9},"end":{"line":69,"column":10}},"23":{"start":{"line":68,"column":9},"end":{"line":68,"column":68}},"24":{"start":{"line":73,"column":9},"end":{"line":85,"column":9}},"25":{"start":{"line":74,"column":12},"end":{"line":78,"column":13}},"26":{"start":{"line":75,"column":16},"end":{"line":77,"column":19}},"27":{"start":{"line":80,"column":12},"end":{"line":84,"column":13}},"28":{"start":{"line":81,"column":16},"end":{"line":83,"column":19}},"29":{"start":{"line":88,"column":9},"end":{"line":88,"column":42}},"30":{"start":{"line":89,"column":9},"end":{"line":89,"column":54}},"31":{"start":{"line":91,"column":9},"end":{"line":93,"column":9}},"32":{"start":{"line":92,"column":12},"end":{"line":92,"column":43}},"33":{"start":{"line":95,"column":8},"end":{"line":95,"column":50}},"34":{"start":{"line":95,"column":23},"end":{"line":95,"column":50}},"35":{"start":{"line":96,"column":8},"end":{"line":96,"column":44}},"36":{"start":{"line":96,"column":21},"end":{"line":96,"column":44}},"37":{"start":{"line":98,"column":9},"end":{"line":98,"column":27}},"38":{"start":{"line":99,"column":9},"end":{"line":99,"column":71}},"39":{"start":{"line":101,"column":8},"end":{"line":101,"column":62}},"40":{"start":{"line":108,"column":26},"end":{"line":130,"column":1}},"41":{"start":{"line":109,"column":4},"end":{"line":127,"column":5}},"42":{"start":{"line":110,"column":21},"end":{"line":110,"column":79}},"43":{"start":{"line":111,"column":8},"end":{"line":113,"column":9}},"44":{"start":{"line":112,"column":12},"end":{"line":112,"column":70}},"45":{"start":{"line":114,"column":26},"end":{"line":114,"column":37}},"46":{"start":{"line":116,"column":8},"end":{"line":118,"column":8}},"47":{"start":{"line":117,"column":8},"end":{"line":117,"column":87}},"48":{"start":{"line":120,"column":8},"end":{"line":120,"column":52}},"49":{"start":{"line":122,"column":9},"end":{"line":122,"column":69}},"50":{"start":{"line":125,"column":8},"end":{"line":125,"column":29}},"51":{"start":{"line":126,"column":8},"end":{"line":126,"column":58}}},"fnMap":{"0":{"name":"(anonymous_0)","decl":{"start":{"line":6,"column":26},"end":{"line":6,"column":27}},"loc":{"start":{"line":6,"column":44},"end":{"line":44,"column":1}},"line":6},"1":{"name":"(anonymous_1)","decl":{"start":{"line":48,"column":37},"end":{"line":48,"column":38}},"loc":{"start":{"line":48,"column":56},"end":{"line":58,"column":1}},"line":48},"2":{"name":"(anonymous_2)","decl":{"start":{"line":61,"column":26},"end":{"line":61,"column":27}},"loc":{"start":{"line":61,"column":44},"end":{"line":103,"column":1}},"line":61},"3":{"name":"(anonymous_3)","decl":{"start":{"line":108,"column":26},"end":{"line":108,"column":27}},"loc":{"start":{"line":108,"column":44},"end":{"line":130,"column":1}},"line":108}},"branchMap":{"0":{"loc":{"start":{"line":12,"column":8},"end":{"line":14,"column":9}},"type":"if","locations":[{"start":{"line":12,"column":8},"end":{"line":14,"column":9}},{"start":{},"end":{}}],"line":12},"1":{"loc":{"start":{"line":12,"column":11},"end":{"line":12,"column":73}},"type":"binary-expr","locations":[{"start":{"line":12,"column":11},"end":{"line":12,"column":17}},{"start":{"line":12,"column":21},"end":{"line":12,"column":33}},{"start":{"line":12,"column":37},"end":{"line":12,"column":48}},{"start":{"line":12,"column":52},"end":{"line":12,"column":73}}],"line":12},"2":{"loc":{"start":{"line":19,"column":8},"end":{"line":22,"column":9}},"type":"if","locations":[{"start":{"line":19,"column":8},"end":{"line":22,"column":9}},{"start":{},"end":{}}],"line":19},"3":{"loc":{"start":{"line":25,"column":9},"end":{"line":27,"column":10}},"type":"if","locations":[{"start":{"line":25,"column":9},"end":{"line":27,"column":10}},{"start":{},"end":{}}],"line":25},"4":{"loc":{"start":{"line":67,"column":9},"end":{"line":69,"column":10}},"type":"if","locations":[{"start":{"line":67,"column":9},"end":{"line":69,"column":10}},{"start":{},"end":{}}],"line":67},"5":{"loc":{"start":{"line":67,"column":13},"end":{"line":67,"column":86}},"type":"binary-expr","locations":[{"start":{"line":67,"column":13},"end":{"line":67,"column":30}},{"start":{"line":67,"column":33},"end":{"line":67,"column":86}}],"line":67},"6":{"loc":{"start":{"line":73,"column":9},"end":{"line":85,"column":9}},"type":"if","locations":[{"start":{"line":73,"column":9},"end":{"line":85,"column":9}},{"start":{},"end":{}}],"line":73},"7":{"loc":{"start":{"line":74,"column":12},"end":{"line":78,"column":13}},"type":"if","locations":[{"start":{"line":74,"column":12},"end":{"line":78,"column":13}},{"start":{},"end":{}}],"line":74},"8":{"loc":{"start":{"line":74,"column":16},"end":{"line":74,"column":38}},"type":"binary-expr","locations":[{"start":{"line":74,"column":16},"end":{"line":74,"column":26}},{"start":{"line":74,"column":30},"end":{"line":74,"column":38}}],"line":74},"9":{"loc":{"start":{"line":80,"column":12},"end":{"line":84,"column":13}},"type":"if","locations":[{"start":{"line":80,"column":12},"end":{"line":84,"column":13}},{"start":{},"end":{}}],"line":80},"10":{"loc":{"start":{"line":88,"column":22},"end":{"line":88,"column":41}},"type":"binary-expr","locations":[{"start":{"line":88,"column":22},"end":{"line":88,"column":27}},{"start":{"line":88,"column":31},"end":{"line":88,"column":41}}],"line":88},"11":{"loc":{"start":{"line":89,"column":26},"end":{"line":89,"column":53}},"type":"binary-expr","locations":[{"start":{"line":89,"column":26},"end":{"line":89,"column":35}},{"start":{"line":89,"column":39},"end":{"line":89,"column":53}}],"line":89},"12":{"loc":{"start":{"line":91,"column":9},"end":{"line":93,"column":9}},"type":"if","locations":[{"start":{"line":91,"column":9},"end":{"line":93,"column":9}},{"start":{},"end":{}}],"line":91},"13":{"loc":{"start":{"line":95,"column":8},"end":{"line":95,"column":50}},"type":"if","locations":[{"start":{"line":95,"column":8},"end":{"line":95,"column":50}},{"start":{},"end":{}}],"line":95},"14":{"loc":{"start":{"line":96,"column":8},"end":{"line":96,"column":44}},"type":"if","locations":[{"start":{"line":96,"column":8},"end":{"line":96,"column":44}},{"start":{},"end":{}}],"line":96},"15":{"loc":{"start":{"line":111,"column":8},"end":{"line":113,"column":9}},"type":"if","locations":[{"start":{"line":111,"column":8},"end":{"line":113,"column":9}},{"start":{},"end":{}}],"line":111},"16":{"loc":{"start":{"line":116,"column":8},"end":{"line":118,"column":8}},"type":"if","locations":[{"start":{"line":116,"column":8},"end":{"line":118,"column":8}},{"start":{},"end":{}}],"line":116},"17":{"loc":{"start":{"line":116,"column":12},"end":{"line":116,"column":85}},"type":"binary-expr","locations":[{"start":{"line":116,"column":12},"end":{"line":116,"column":29}},{"start":{"line":116,"column":32},"end":{"line":116,"column":85}}],"line":116}},"s":{"0":0,"1":0,"2":0,"3":0,"4":0,"5":0,"6":0,"7":0,"8":0,"9":0,"10":0,"11":0,"12":0,"13":0,"14":0,"15":0,"16":0,"17":0,"18":0,"19":0,"20":0,"21":0,"22":0,"23":0,"24":0,"25":0,"26":0,"27":0,"28":0,"29":0,"30":0,"31":0,"32":0,"33":0,"34":0,"35":0,"36":0,"37":0,"38":0,"39":0,"40":0,"41":0,"42":0,"43":0,"44":0,"45":0,"46":0,"47":0,"48":0,"49":0,"50":0,"51":0},"f":{"0":0,"1":0,"2":0,"3":0},"b":{"0":[0,0],"1":[0,0,0,0],"2":[0,0],"3":[0,0],"4":[0,0],"5":[0,0],"6":[0,0],"7":[0,0],"8":[0,0],"9":[0,0],"10":[0,0],"11":[0,0],"12":[0,0],"13":[0,0],"14":[0,0],"15":[0,0],"16":[0,0],"17":[0,0]},"inputSourceMap":null}
,"C:\\Users\\Pawan\\Desktop\\Handwash+\\Backend\\src\\modules\\quiz\\quiz.model.js": {"path":"C:\\Users\\Pawan\\Desktop\\Handwash+\\Backend\\src\\modules\\quiz\\quiz.model.js","statementMap":{"0":{"start":{"line":3,"column":23},"end":{"line":29,"column":2}},"1":{"start":{"line":21,"column":12},"end":{"line":21,"column":67}},"2":{"start":{"line":31,"column":19},"end":{"line":56,"column":21}},"3":{"start":{"line":59,"column":4},"end":{"line":59,"column":25}},"4":{"start":{"line":62,"column":20},"end":{"line":62,"column":54}}},"fnMap":{"0":{"name":"(anonymous_0)","decl":{"start":{"line":20,"column":18},"end":{"line":20,"column":19}},"loc":{"start":{"line":20,"column":28},"end":{"line":22,"column":9}},"line":20},"1":{"name":"arrayLimit","decl":{"start":{"line":58,"column":9},"end":{"line":58,"column":19}},"loc":{"start":{"line":58,"column":24},"end":{"line":60,"column":1}},"line":58}},"branchMap":{"0":{"loc":{"start":{"line":21,"column":19},"end":{"line":21,"column":66}},"type":"binary-expr","locations":[{"start":{"line":21,"column":19},"end":{"line":21,"column":37}},{"start":{"line":21,"column":41},"end":{"line":21,"column":66}}],"line":21}},"s":{"0":0,"1":0,"2":0,"3":0,"4":0},"f":{"0":0,"1":0},"b":{"0":[0,0]},"inputSourceMap":null}
,"C:\\Users\\Pawan\\Desktop\\Handwash+\\Backend\\src\\modules\\quiz\\quiz.module.js": {"path":"C:\\Users\\Pawan\\Desktop\\Handwash+\\Backend\\src\\modules\\quiz\\quiz.module.js","statementMap":{},"fnMap":{},"branchMap":{},"s":{},"f":{},"b":{},"inputSourceMap":null}
,"C:\\Users\\Pawan\\Desktop\\Handwash+\\Backend\\src\\modules\\quiz\\quiz.repository.js": {"path":"C:\\Users\\Pawan\\Desktop\\Handwash+\\Backend\\src\\modules\\quiz\\quiz.repository.js","statementMap":{},"fnMap":{},"branchMap":{},"s":{},"f":{},"b":{},"inputSourceMap":null}
,"C:\\Users\\Pawan\\Desktop\\Handwash+\\Backend\\src\\modules\\quiz\\quiz.routes.js": {"path":"C:\\Users\\Pawan\\Desktop\\Handwash+\\Backend\\src\\modules\\quiz\\quiz.routes.js","statementMap":{"0":{"start":{"line":6,"column":15},"end":{"line":6,"column":31}},"1":{"start":{"line":8,"column":0},"end":{"line":8,"column":69}},"2":{"start":{"line":9,"column":0},"end":{"line":9,"column":109}},"3":{"start":{"line":10,"column":0},"end":{"line":10,"column":71}},"4":{"start":{"line":11,"column":0},"end":{"line":11,"column":74}}},"fnMap":{},"branchMap":{},"s":{"0":0,"1":0,"2":0,"3":0,"4":0},"f":{},"b":{},"inputSourceMap":null}
,"C:\\Users\\Pawan\\Desktop\\Handwash+\\Backend\\src\\modules\\quiz\\quiz.service.js": {"path":"C:\\Users\\Pawan\\Desktop\\Handwash+\\Backend\\src\\modules\\quiz\\quiz.service.js","statementMap":{},"fnMap":{},"branchMap":{},"s":{},"f":{},"b":{},"inputSourceMap":null}
,"C:\\Users\\Pawan\\Desktop\\Handwash+\\Backend\\src\\modules\\quiz\\quiz.validation.js": {"path":"C:\\Users\\Pawan\\Desktop\\Handwash+\\Backend\\src\\modules\\quiz\\quiz.validation.js","statementMap":{},"fnMap":{},"branchMap":{},"s":{},"f":{},"b":{},"inputSourceMap":null}
,"C:\\Users\\Pawan\\Desktop\\Handwash+\\Backend\\src\\modules\\reports\\report.controller.js": {"path":"C:\\Users\\Pawan\\Desktop\\Handwash+\\Backend\\src\\modules\\reports\\report.controller.js","statementMap":{},"fnMap":{},"branchMap":{},"s":{},"f":{},"b":{},"inputSourceMap":null}
,"C:\\Users\\Pawan\\Desktop\\Handwash+\\Backend\\src\\modules\\reports\\report.module.js": {"path":"C:\\Users\\Pawan\\Desktop\\Handwash+\\Backend\\src\\modules\\reports\\report.module.js","statementMap":{},"fnMap":{},"branchMap":{},"s":{},"f":{},"b":{},"inputSourceMap":null}
,"C:\\Users\\Pawan\\Desktop\\Handwash+\\Backend\\src\\modules\\reports\\report.repository.js": {"path":"C:\\Users\\Pawan\\Desktop\\Handwash+\\Backend\\src\\modules\\reports\\report.repository.js","statementMap":{},"fnMap":{},"branchMap":{},"s":{},"f":{},"b":{},"inputSourceMap":null}
,"C:\\Users\\Pawan\\Desktop\\Handwash+\\Backend\\src\\modules\\reports\\report.routes.js": {"path":"C:\\Users\\Pawan\\Desktop\\Handwash+\\Backend\\src\\modules\\reports\\report.routes.js","statementMap":{},"fnMap":{},"branchMap":{},"s":{},"f":{},"b":{},"inputSourceMap":null}
[...]
,"C:\\Users\\Pawan\\Desktop\\Handwash+\\Backend\\src\\modules\\users\\user.routes.js": {"path":"C:\\Users\\Pawan\\Desktop\\Handwash+\\Backend\\src\\modules\\users\\user.routes.js","statementMap":{"0":{"start":{"line":14,"column":15},"end":{"line":14,"column":31}},"1":{"start":{"line":17,"column":0},"end":{"line":17,"column":39}},"2":{"start":{"line":18,"column":0},"end":{"line":18,"column":33}},"3":{"start":{"line":21,"column":0},"end":{"line":21,"column":84}},"4":{"start":{"line":22,"column":0},"end":{"line":22,"column":48}},"5":{"start":{"line":23,"column":0},"end":{"line":23,"column":47}},"6":{"start":{"line":24,"column":0},"end":{"line":24,"column":80}}},"fnMap":{},"branchMap":{},"s":{"0":0,"1":0,"2":0,"3":0,"4":0,"5":0,"6":0},"f":{},"b":{},"inputSourceMap":null}
,"C:\\Users\\Pawan\\Desktop\\Handwash+\\Backend\\src\\modules\\users\\user.service.js": {"path":"C:\\Users\\Pawan\\Desktop\\Handwash+\\Backend\\src\\modules\\users\\user.service.js","statementMap":{},"fnMap":{},"branchMap":{},"s":{},"f":{},"b":{},"inputSourceMap":null}
,"C:\\Users\\Pawan\\Desktop\\Handwash+\\Backend\\src\\modules\\users\\user.validation.js": {"path":"C:\\Users\\Pawan\\Desktop\\Handwash+\\Backend\\src\\modules\\users\\user.validation.js","statementMap":{},"fnMap":{},"branchMap":{},"s":{},"f":{},"b":{},"inputSourceMap":null}
,"C:\\Users\\Pawan\\Desktop\\Handwash+\\Backend\\src\\modules\\world-bank\\world-bank.controller.js": {"path":"C:\\Users\\Pawan\\Desktop\\Handwash+\\Backend\\src\\modules\\world-bank\\world-bank.controller.js","statementMap":{"0":{"start":{"line":5,"column":35},"end":{"line":49,"column":1}},"1":{"start":{"line":8,"column":4},"end":{"line":47,"column":5}},"2":{"start":{"line":9,"column":32},"end":{"line":9,"column":42}},"3":{"start":{"line":10,"column":59},"end":{"line":10,"column":68}},"4":{"start":{"line":13,"column":31},"end":{"line":17,"column":8}},"5":{"start":{"line":19,"column":6},"end":{"line":21,"column":7}},"6":{"start":{"line":20,"column":8},"end":{"line":20,"column":70}},"7":{"start":{"line":23,"column":21},"end":{"line":27,"column":7}},"8":{"start":{"line":29,"column":6},"end":{"line":31,"column":7}},"9":{"start":{"line":30,"column":8},"end":{"line":30,"column":56}},"10":{"start":{"line":33,"column":6},"end":{"line":38,"column":8}},"11":{"start":{"line":40,"column":6},"end":{"line":40,"column":51}},"12":{"start":{"line":41,"column":6},"end":{"line":46,"column":7}},"13":{"start":{"line":42,"column":26},"end":{"line":42,"column":51}},"14":{"start":{"line":43,"column":8},"end":{"line":43,"column":73}},"15":{"start":{"line":45,"column":8},"end":{"line":45,"column":86}}},"fnMap":{"0":{"name":"(anonymous_0)","decl":{"start":{"line":7,"column":16},"end":{"line":7,"column":17}},"loc":{"start":{"line":7,"column":36},"end":{"line":48,"column":3}},"line":7}},"branchMap":{"0":{"loc":{"start":{"line":10,"column":14},"end":{"line":10,"column":37}},"type":"default-arg","locations":[{"start":{"line":10,"column":26},"end":{"line":10,"column":37}}],"line":10},"1":{"loc":{"start":{"line":10,"column":39},"end":{"line":10,"column":54}},"type":"default-arg","locations":[{"start":{"line":10,"column":49},"end":{"line":10,"column":54}}],"line":10},"2":{"loc":{"start":{"line":19,"column":6},"end":{"line":21,"column":7}},"type":"if","locations":[{"start":{"line":19,"column":6},"end":{"line":21,"column":7}},{"start":{},"end":{}}],"line":19},"3":{"loc":{"start":{"line":29,"column":6},"end":{"line":31,"column":7}},"type":"if","locations":[{"start":{"line":29,"column":6},"end":{"line":31,"column":7}},{"start":{},"end":{}}],"line":29}},"s":{"0":0,"1":0,"2":0,"3":0,"4":0,"5":0,"6":0,"7":0,"8":0,"9":0,"10":0,"11":0,"12":0,"13":0,"14":0,"15":0},"f":{"0":0},"b":{"0":[0],"1":[0],"2":[0,0],"3":[0,0]},"inputSourceMap":null}
,"C:\\Users\\Pawan\\Desktop\\Handwash+\\Backend\\src\\modules\\world-bank\\world-bank.module.js": {"path":"C:\\Users\\Pawan\\Desktop\\Handwash+\\Backend\\src\\modules\\world-bank\\world-bank.module.js","statementMap":{"0":{"start":{"line":11,"column":31},"end":{"line":20,"column":1}}},"fnMap":{},"branchMap":{},"s":{"0":0},"f":{},"b":{},"inputSourceMap":null}
,"C:\\Users\\Pawan\\Desktop\\Handwash+\\Backend\\src\\modules\\world-bank\\world-bank.routes.js": {"path":"C:\\Users\\Pawan\\Desktop\\Handwash+\\Backend\\src\\modules\\world-bank\\world-bank.routes.js","statementMap":{"0":{"start":{"line":4,"column":15},"end":{"line":4,"column":31}},"1":{"start":{"line":7,"column":0},"end":{"line":7,"column":75}}},"fnMap":{},"branchMap":{},"s":{"0":0,"1":0},"f":{},"b":{},"inputSourceMap":null}
,"C:\\Users\\Pawan\\Desktop\\Handwash+\\Backend\\src\\modules\\world-bank\\world-bank.service.js": {"path":"C:\\Users\\Pawan\\Desktop\\Handwash+\\Backend\\src\\modules\\world-bank\\world-bank.service.js","statementMap":{"0":{"start":{"line":5,"column":22},"end":{"line":12,"column":2}},"1":{"start":{"line":14,"column":32},"end":{"line":206,"column":1}},"2":{"start":{"line":17,"column":4},"end":{"line":33,"column":5}},"3":{"start":{"line":18,"column":21},"end":{"line":23,"column":7}},"4":{"start":{"line":25,"column":23},"end":{"line":28,"column":7}},"5":{"start":{"line":30,"column":6},"end":{"line":30,"column":88}},"6":{"start":{"line":32,"column":6},"end":{"line":32,"column":76}},"7":{"start":{"line":38,"column":4},"end":{"line":63,"column":5}},"8":{"start":{"line":39,"column":6},"end":{"line":41,"column":7}},"9":{"start":{"line":40,"column":8},"end":{"line":40,"column":62}},"10":{"start":{"line":43,"column":23},"end":{"line":45,"column":7}},"11":{"start":{"line":44,"column":8},"end":{"line":44,"column":71}},"12":{"start":{"line":47,"column":22},"end":{"line":47,"column":49}},"13":{"start":{"line":49,"column":6},"end":{"line":60,"column":8}},"14":{"start":{"line":55,"column":10},"end":{"line":57,"column":11}},"15":{"start":{"line":56,"column":12},"end":{"line":56,"column":48}},"16":{"start":{"line":58,"column":10},"end":{"line":58,"column":21}},"17":{"start":{"line":62,"column":6},"end":{"line":62,"column":48}},"18":{"start":{"line":68,"column":4},"end":{"line":72,"column":8}},"19":{"start":{"line":68,"column":72},"end":{"line":72,"column":5}},"20":{"start":{"line":77,"column":4},"end":{"line":136,"column":5}},"21":{"start":{"line":79,"column":34},"end":{"line":79,"column":55}},"22":{"start":{"line":81,"column":6},"end":{"line":94,"column":7}},"23":{"start":{"line":82,"column":8},"end":{"line":93,"column":10}},"24":{"start":{"line":97,"column":28},"end":{"line":108,"column":40}},"25":{"start":{"line":98,"column":26},"end":{"line":98,"column":77}},"26":{"start":{"line":99,"column":24},"end":{"line":107,"column":9}},"27":{"start":{"line":108,"column":24},"end":{"line":108,"column":39}},"28":{"start":{"line":110,"column":6},"end":{"line":126,"column":8}},"29":{"start":{"line":119,"column":53},"end":{"line":119,"column":59}},"30":{"start":{"line":120,"column":51},"end":{"line":120,"column":57}},"31":{"start":{"line":128,"column":6},"end":{"line":135,"column":8}},"32":{"start":{"line":147,"column":24},"end":{"line":153,"column":5}},"33":{"start":{"line":155,"column":4},"end":{"line":186,"column":5}},"34":{"start":{"line":157,"column":21},"end":{"line":157,"column":42}},"35":{"start":{"line":158,"column":22},"end":{"line":158,"column":79}},"36":{"start":{"line":160,"column":6},"end":{"line":160,"column":62}},"37":{"start":{"line":161,"column":6},"end":{"line":161,"column":40}},"38":{"start":{"line":163,"column":6},"end":{"line":178,"column":7}},"39":{"start":{"line":165,"column":10},"end":{"line":165,"column":65}},"40":{"start":{"line":166,"column":10},"end":{"line":166,"column":16}},"41":{"start":{"line":168,"column":10},"end":{"line":168,"column":61}},"42":{"start":{"line":169,"column":10},"end":{"line":169,"column":16}},"43":{"start":{"line":171,"column":10},"end":{"line":171,"column":71}},"44":{"start":{"line":172,"column":10},"end":{"line":172,"column":16}},"45":{"start":{"line":174,"column":10},"end":{"line":174,"column":76}},"46":{"start":{"line":175,"column":10},"end":{"line":175,"column":16}},"47":{"start":{"line":177,"column":10},"end":{"line":177,"column":66}},"48":{"start":{"line":179,"column":11},"end":{"line":186,"column":5}},"49":{"start":{"line":181,"column":6},"end":{"line":181,"column":62}},"50":{"start":{"line":182,"column":6},"end":{"line":182,"column":37}},"51":{"start":{"line":183,"column":11},"end":{"line":186,"column":5}},"52":{"start":{"line":184,"column":6},"end":{"line":184,"column":77}},"53":{"start":{"line":185,"column":6},"end":{"line":185,"column":37}},"54":{"start":{"line":188,"column":4},"end":{"line":188,"column":52}},"55":{"start":{"line":197,"column":25},"end":{"line":202,"column":5}},"56":{"start":{"line":204,"column":4},"end":{"line":204,"column":50}}},"fnMap":{"0":{"name":"(anonymous_0)","decl":{"start":{"line":16,"column":20},"end":{"line":16,"column":21}},"loc":{"start":{"line":16,"column":97},"end":{"line":34,"column":3}},"line":16},"1":{"name":"(anonymous_1)","decl":{"start":{"line":37,"column":25},"end":{"line":37,"column":26}},"loc":{"start":{"line":37,"column":94},"end":{"line":64,"column":3}},"line":37},"2":{"name":"(anonymous_2)","decl":{"start":{"line":43,"column":42},"end":{"line":43,"column":43}},"loc":{"start":{"line":44,"column":8},"end":{"line":44,"column":71}},"line":44},"3":{"name":"(anonymous_3)","decl":{"start":{"line":54,"column":35},"end":{"line":54,"column":36}},"loc":{"start":{"line":54,"column":52},"end":{"line":59,"column":9}},"line":54},"4":{"name":"(anonymous_4)","decl":{"start":{"line":67,"column":26},"end":{"line":67,"column":27}},"loc":{"start":{"line":67,"column":38},"end":{"line":73,"column":3}},"line":67},"5":{"name":"(anonymous_5)","decl":{"start":{"line":68,"column":53},"end":{"line":68,"column":54}},"loc":{"start":{"line":68,"column":72},"end":{"line":72,"column":5}},"line":68},"6":{"name":"(anonymous_6)","decl":{"start":{"line":76,"column":18},"end":{"line":76,"column":19}},"loc":{"start":{"line":76,"column":59},"end":{"line":137,"column":3}},"line":76},"7":{"name":"(anonymous_7)","decl":{"start":{"line":98,"column":16},"end":{"line":98,"column":17}},"loc":{"start":{"line":98,"column":26},"end":{"line":98,"column":77}},"line":98},"8":{"name":"(anonymous_8)","decl":{"start":{"line":99,"column":13},"end":{"line":99,"column":14}},"loc":{"start":{"line":99,"column":24},"end":{"line":107,"column":9}},"line":99},"9":{"name":"(anonymous_9)","decl":{"start":{"line":108,"column":14},"end":{"line":108,"column":15}},"loc":{"start":{"line":108,"column":24},"end":{"line":108,"column":39}},"line":108},"10":{"name":"(anonymous_10)","decl":{"start":{"line":119,"column":48},"end":{"line":119,"column":49}},"loc":{"start":{"line":119,"column":53},"end":{"line":119,"column":59}},"line":119},"11":{"name":"(anonymous_11)","decl":{"start":{"line":120,"column":46},"end":{"line":120,"column":47}},"loc":{"start":{"line":120,"column":51},"end":{"line":120,"column":57}},"line":120},"12":{"name":"(anonymous_12)","decl":{"start":{"line":146,"column":15},"end":{"line":146,"column":16}},"loc":{"start":{"line":146,"column":64},"end":{"line":189,"column":3}},"line":146},"13":{"name":"(anonymous_13)","decl":{"start":{"line":196,"column":27},"end":{"line":196,"column":28}},"loc":{"start":{"line":196,"column":37},"end":{"line":205,"column":3}},"line":196}},"branchMap":{"0":{"loc":{"start":{"line":16,"column":55},"end":{"line":16,"column":78}},"type":"default-arg","locations":[{"start":{"line":16,"column":67},"end":{"line":16,"column":78}}],"line":16},"1":{"loc":{"start":{"line":16,"column":80},"end":{"line":16,"column":92}},"type":"default-arg","locations":[{"start":{"line":16,"column":90},"end":{"line":16,"column":92}}],"line":16},"2":{"loc":{"start":{"line":19,"column":16},"end":{"line":19,"column":53}},"type":"binary-expr","locations":[{"start":{"line":19,"column":16},"end":{"line":19,"column":43}},{"start":{"line":19,"column":47},"end":{"line":19,"column":53}}],"line":19},"3":{"loc":{"start":{"line":20,"column":18},"end":{"line":20,"column":53}},"type":"binary-expr","locations":[{"start":{"line":20,"column":18},"end":{"line":20,"column":46}},{"start":{"line":20,"column":50},"end":{"line":20,"column":53}}],"line":20},"4":{"loc":{"start":{"line":37,"column":45},"end":{"line":37,"column":64}},"type":"default-arg","locations":[{"start":{"line":37,"column":62},"end":{"line":37,"column":64}}],"line":37},"5":{"loc":{"start":{"line":37,"column":66},"end":{"line":37,"column":89}},"type":"default-arg","locations":[{"start":{"line":37,"column":78},"end":{"line":37,"column":89}}],"line":37},"6":{"loc":{"start":{"line":39,"column":6},"end":{"line":41,"column":7}},"type":"if","locations":[{"start":{"line":39,"column":6},"end":{"line":41,"column":7}},{"start":{},"end":{}}],"line":39},"7":{"loc":{"start":{"line":39,"column":10},"end":{"line":39,"column":56}},"type":"binary-expr","locations":[{"start":{"line":39,"column":10},"end":{"line":39,"column":25}},{"start":{"line":39,"column":29},"end":{"line":39,"column":56}}],"line":39},"8":{"loc":{"start":{"line":55,"column":10},"end":{"line":57,"column":11}},"type":"if","locations":[{"start":{"line":55,"column":10},"end":{"line":57,"column":11}},{"start":{},"end":{}}],"line":55},"9":{"loc":{"start":{"line":55,"column":14},"end":{"line":55,"column":54}},"type":"binary-expr","locations":[{"start":{"line":55,"column":14},"end":{"line":55,"column":28}},{"start":{"line":55,"column":32},"end":{"line":55,"column":54}}],"line":55},"10":{"loc":{"start":{"line":79,"column":34},"end":{"line":79,"column":55}},"type":"binary-expr","locations":[{"start":{"line":79,"column":34},"end":{"line":79,"column":41}},{"start":{"line":79,"column":45},"end":{"line":79,"column":55}}],"line":79},"11":{"loc":{"start":{"line":81,"column":6},"end":{"line":94,"column":7}},"type":"if","locations":[{"start":{"line":81,"column":6},"end":{"line":94,"column":7}},{"start":{},"end":{}}],"line":81},"12":{"loc":{"start":{"line":81,"column":10},"end":{"line":81,"column":42}},"type":"binary-expr","locations":[{"start":{"line":81,"column":10},"end":{"line":81,"column":18}},{"start":{"line":81,"column":22},"end":{"line":81,"column":42}}],"line":81},"13":{"loc":{"start":{"line":98,"column":26},"end":{"line":98,"column":77}},"type":"binary-expr","locations":[{"start":{"line":98,"column":26},"end":{"line":98,"column":47}},{"start":{"line":98,"column":51},"end":{"line":98,"column":77}}],"line":98},"14":{"loc":{"start":{"line":103,"column":23},"end":{"line":103,"column":50}},"type":"binary-expr","locations":[{"start":{"line":103,"column":23},"end":{"line":103,"column":44}},{"start":{"line":103,"column":48},"end":{"line":103,"column":50}}],"line":103},"15":{"loc":{"start":{"line":104,"column":25},"end":{"line":104,"column":65}},"type":"binary-expr","locations":[{"start":{"line":104,"column":25},"end":{"line":104,"column":48}},{"start":{"line":104,"column":52},"end":{"line":104,"column":65}}],"line":104},"16":{"loc":{"start":{"line":146,"column":23},"end":{"line":146,"column":39}},"type":"default-arg","locations":[{"start":{"line":146,"column":37},"end":{"line":146,"column":39}}],"line":146},"17":{"loc":{"start":{"line":146,"column":41},"end":{"line":146,"column":59}},"type":"default-arg","locations":[{"start":{"line":146,"column":57},"end":{"line":146,"column":59}}],"line":146},"18":{"loc":{"start":{"line":155,"column":4},"end":{"line":186,"column":5}},"type":"if","locations":[{"start":{"line":155,"column":4},"end":{"line":186,"column":5}},{"start":{"line":179,"column":11},"end":{"line":186,"column":5}}],"line":155},"19":{"loc":{"start":{"line":158,"column":22},"end":{"line":158,"column":79}},"type":"binary-expr","locations":[{"start":{"line":158,"column":22},"end":{"line":158,"column":50}},{"start":{"line":158,"column":54},"end":{"line":158,"column":79}}],"line":158},"20":{"loc":{"start":{"line":160,"column":28},"end":{"line":160,"column":61}},"type":"binary-expr","locations":[{"start":{"line":160,"column":28},"end":{"line":160,"column":35}},{"start":{"line":160,"column":39},"end":{"line":160,"column":61}}],"line":160},"21":{"loc":{"start":{"line":163,"column":6},"end":{"line":178,"column":7}},"type":"switch","locations":[{"start":{"line":164,"column":8},"end":{"line":166,"column":16}},{"start":{"line":167,"column":8},"end":{"line":169,"column":16}},{"start":{"line":170,"column":8},"end":{"line":172,"column":16}},{"start":{"line":173,"column":8},"end":{"line":175,"column":16}},{"start":{"line":176,"column":8},"end":{"line":177,"column":66}}],"line":163},"22":{"loc":{"start":{"line":177,"column":46},"end":{"line":177,"column":63}},"type":"binary-expr","locations":[{"start":{"line":177,"column":46},"end":{"line":177,"column":53}},{"start":{"line":177,"column":57},"end":{"line":177,"column":63}}],"line":177},"23":{"loc":{"start":{"line":179,"column":11},"end":{"line":186,"column":5}},"type":"if","locations":[{"start":{"line":179,"column":11},"end":{"line":186,"column":5}},{"start":{"line":183,"column":11},"end":{"line":186,"column":5}}],"line":179},"24":{"loc":{"start":{"line":183,"column":11},"end":{"line":186,"column":5}},"type":"if","locations":[{"start":{"line":183,"column":11},"end":{"line":186,"column":5}},{"start":{},"end":{}}],"line":183},"25":{"loc":{"start":{"line":204,"column":11},"end":{"line":204,"column":49}},"type":"binary-expr","locations":[{"start":{"line":204,"column":11},"end":{"line":204,"column":29}},{"start":{"line":204,"column":33},"end":{"line":204,"column":49}}],"line":204}},"s":{"0":0,"1":0,"2":0,"3":0,"4":0,"5":0,"6":0,"7":0,"8":0,"9":0,"10":0,"11":0,"12":0,"13":0,"14":0,"15":0,"16":0,"17":0,"18":0,"19":0,"20":0,"21":0,"22":0,"23":0,"24":0,"25":0,"26":0,"27":0,"28":0,"29":0,"30":0,"31":0,"32":0,"33":0,"34":0,"35":0,"36":0,"37":0,"38":0,"39":0,"40":0,"41":0,"42":0,"43":0,"44":0,"45":0,"46":0,"47":0,"48":0,"49":0,"50":0,"51":0,"52":0,"53":0,"54":0,"55":0,"56":0},"f":{"0":0,"1":0,"2":0,"3":0,"4":0,"5":0,"6":0,"7":0,"8":0,"9":0,"10":0,"11":0,"12":0,"13":0},"b":{"0":[0],"1":[0],"2":[0,0],"3":[0,0],"4":[0],"5":[0],"6":[0,0],"7":[0,0],"8":[0,0],"9":[0,0],"10":[0,0],"11":[0,0],"12":[0,0],"13":[0,0],"14":[0,0],"15":[0,0],"16":[0],"17":[0],"18":[0,0],"19":[0,0],"20":[0,0],"21":[0,0,0,0,0],"22":[0,0],"23":[0,0],"24":[0,0],"25":[0,0]},"inputSourceMap":null}
,"C:\\Users\\Pawan\\Desktop\\Handwash+\\Backend\\src\\modules\\world-bank\\world-bank.validation.js": {"path":"C:\\Users\\Pawan\\Desktop\\Handwash+\\Backend\\src\\modules\\world-bank\\world-bank.validation.js","statementMap":{"0":{"start":{"line":4,"column":38},"end":{"line":29,"column":1}},"1":{"start":{"line":5,"column":17},"end":{"line":26,"column":4}},"2":{"start":{"line":28,"column":2},"end":{"line":28,"column":53}},"3":{"start":{"line":32,"column":35},"end":{"line":44,"column":1}},"4":{"start":{"line":33,"column":17},"end":{"line":41,"column":4}},"5":{"start":{"line":43,"column":2},"end":{"line":43,"column":53}},"6":{"start":{"line":47,"column":39},"end":{"line":69,"column":1}},"7":{"start":{"line":48,"column":17},"end":{"line":66,"column":4}},"8":{"start":{"line":68,"column":2},"end":{"line":68,"column":53}}},"fnMap":{"0":{"name":"(anonymous_0)","decl":{"start":{"line":4,"column":38},"end":{"line":4,"column":39}},"loc":{"start":{"line":4,"column":48},"end":{"line":29,"column":1}},"line":4},"1":{"name":"(anonymous_1)","decl":{"start":{"line":32,"column":35},"end":{"line":32,"column":36}},"loc":{"start":{"line":32,"column":45},"end":{"line":44,"column":1}},"line":32},"2":{"name":"(anonymous_2)","decl":{"start":{"line":47,"column":39},"end":{"line":47,"column":40}},"loc":{"start":{"line":47,"column":49},"end":{"line":69,"column":1}},"line":47}},"branchMap":{},"s":{"0":0,"1":0,"2":0,"3":0,"4":0,"5":0,"6":0,"7":0,"8":0},"f":{"0":0,"1":0,"2":0},"b":{},"inputSourceMap":null}
}
