TN:
SF:src\modules\auth\auth.controller.js
FN:8,(anonymous_0)
FN:41,(anonymous_1)
FNF:2
FNH:2
FNDA:3,(anonymous_0)
FNDA:5,(anonymous_1)
DA:6,1
DA:8,1
DA:9,3
DA:10,3
DA:13,3
DA:14,2
DA:15,1
DA:19,1
DA:22,1
DA:29,1
DA:36,1
DA:37,1
DA:41,1
DA:42,5
DA:43,5
DA:45,5
DA:46,2
DA:49,3
DA:51,1
DA:61,2
DA:62,2
LF:21
LH:21
BRDA:14,0,0,1
BRDA:14,0,1,1
BRDA:45,1,0,2
BRDA:45,1,1,3
BRDA:45,2,0,5
BRDA:45,2,1,4
BRF:6
BRH:6
end_of_record
TN:
SF:src\modules\auth\auth.module.js
FNF:0
FNH:0
LF:0
LH:0
BRF:0
BRH:0
end_of_record
TN:
SF:src\modules\auth\auth.repository.js
FNF:0
FNH:0
LF:0
LH:0
BRF:0
BRH:0
end_of_record
TN:
SF:src\modules\auth\auth.routes.js
FNF:0
FNH:0
DA:4,0
DA:7,0
DA:10,0
LF:3
LH:0
BRF:0
BRH:0
end_of_record
TN:
SF:src\modules\auth\auth.service.js
FN:6,(anonymous_0)
FN:10,(anonymous_1)
FN:39,(anonymous_2)
FN:76,(anonymous_3)
FN:104,(anonymous_4)
FN:108,(anonymous_5)
FN:133,(anonymous_6)
FN:156,(anonymous_7)
FN:187,(anonymous_8)
FNF:9
FNH:0
FNDA:0,(anonymous_0)
FNDA:0,(anonymous_1)
FNDA:0,(anonymous_2)
FNDA:0,(anonymous_3)
FNDA:0,(anonymous_4)
FNDA:0,(anonymous_5)
FNDA:0,(anonymous_6)
FNDA:0,(anonymous_7)
FNDA:0,(anonymous_8)
DA:7,0
DA:12,0
DA:13,0
DA:14,0
DA:18,0
DA:21,0
DA:27,0
DA:34,0
DA:36,0
DA:41,0
DA:43,0
DA:44,0
DA:47,0
DA:48,0
DA:52,0
DA:53,0
DA:54,0
DA:58,0
DA:61,0
DA:68,0
DA:71,0
DA:73,0
DA:77,0
DA:79,0
DA:82,0
DA:84,0
DA:85,0
DA:89,0
DA:96,0
DA:98,0
DA:100,0
DA:105,0
DA:109,0
DA:111,0
DA:112,0
DA:116,0
DA:117,0
DA:118,0
DA:122,0
DA:125,0
DA:130,0
DA:134,0
DA:136,0
DA:138,0
DA:142,0
DA:145,0
DA:153,0
DA:157,0
DA:158,0
DA:160,0
DA:162,0
DA:163,0
DA:166,0
DA:167,0
DA:171,0
DA:174,0
DA:181,0
DA:183,0
DA:188,0
DA:190,0
DA:193,0
DA:196,0
LF:62
LH:0
BRDA:13,0,0,0
BRDA:13,0,1,0
BRDA:43,1,0,0
BRDA:43,1,1,0
BRDA:47,2,0,0
BRDA:47,2,1,0
BRDA:53,3,0,0
BRDA:53,3,1,0
BRDA:84,4,0,0
BRDA:84,4,1,0
BRDA:84,5,0,0
BRDA:84,5,1,0
BRDA:111,6,0,0
BRDA:111,6,1,0
BRDA:117,7,0,0
BRDA:117,7,1,0
BRDA:136,8,0,0
BRDA:136,8,1,0
BRDA:162,9,0,0
BRDA:162,9,1,0
BRDA:162,10,0,0
BRDA:162,10,1,0
BRDA:166,11,0,0
BRDA:166,11,1,0
BRDA:190,12,0,0
BRDA:190,12,1,0
BRDA:193,13,0,0
BRDA:193,13,1,0
BRF:28
BRH:0
end_of_record
TN:
SF:src\modules\auth\auth.validation.js
FNF:0
FNH:0
DA:1,0
DA:52,0
DA:67,0
DA:88,0
DA:97,0
LF:5
LH:0
BRF:0
BRH:0
end_of_record
TN:
SF:src\modules\auth\strategies\jwt.strategy.js
FNF:0
FNH:0
LF:0
LH:0
BRF:0
BRH:0
end_of_record
TN:
SF:src\modules\auth\strategies\local.strategy.js
FNF:0
FNH:0
LF:0
LH:0
BRF:0
BRH:0
end_of_record
TN:
SF:src\modules\classroomBottles\classroomBottles.controller.js
FN:5,(anonymous_0)
FN:55,(anonymous_1)
FNF:2
FNH:0
FNDA:0,(anonymous_0)
FNDA:0,(anonymous_1)
DA:5,0
DA:6,0
DA:7,0
DA:9,0
DA:11,0
DA:14,0
DA:15,0
DA:19,0
DA:20,0
DA:24,0
DA:26,0
DA:27,0
DA:31,0
DA:32,0
DA:36,0
DA:40,0
DA:45,0
DA:47,0
DA:48,0
DA:55,0
DA:57,0
DA:58,0
DA:61,0
DA:63,0
DA:64,0
DA:67,0
DA:69,0
DA:70,0
LF:28
LH:0
BRDA:14,0,0,0
BRDA:14,0,1,0
BRDA:19,1,0,0
BRDA:19,1,1,0
BRDA:26,2,0,0
BRDA:26,2,1,0
BRDA:31,3,0,0
BRDA:31,3,1,0
BRDA:63,4,0,0
BRDA:63,4,1,0
BRDA:63,5,0,0
BRDA:63,5,1,0
BRF:12
BRH:0
end_of_record
TN:
SF:src\modules\classroomBottles\classroomBottles.model.js
FNF:0
FNH:0
DA:2,0
DA:4,0
LF:2
LH:0
BRF:0
BRH:0
end_of_record
TN:
SF:src\modules\classroomBottles\classroomBottles.module.js
FNF:0
FNH:0
LF:0
LH:0
BRF:0
BRH:0
end_of_record
TN:
SF:src\modules\classroomBottles\classroomBottles.repository.js
FNF:0
FNH:0
LF:0
LH:0
BRF:0
BRH:0
end_of_record
TN:
SF:src\modules\classroomBottles\classroomBottles.routes.js
FNF:0
FNH:0
DA:6,0
DA:10,0
DA:11,0
LF:3
LH:0
BRF:0
BRH:0
end_of_record
TN:
SF:src\modules\classroomBottles\classroomBottles.service.js
FNF:0
FNH:0
LF:0
LH:0
BRF:0
BRH:0
end_of_record
TN:
SF:src\modules\classroomBottles\distributedBottles.model.js
FNF:0
FNH:0
DA:3,0
DA:5,0
LF:2
LH:0
BRF:0
BRH:0
end_of_record
TN:
SF:src\modules\classroomBottles\_tests_\classroomBottle.test.js
FNF:0
FNH:0
LF:0
LH:0
BRF:0
BRH:0
end_of_record
TN:
SF:src\modules\classrooms\classroom.controller.js
FN:4,(anonymous_0)
FN:18,(anonymous_1)
FN:36,(anonymous_2)
FN:57,(anonymous_3)
FNF:4
FNH:0
FNDA:0,(anonymous_0)
FNDA:0,(anonymous_1)
FNDA:0,(anonymous_2)
FNDA:0,(anonymous_3)
DA:4,0
DA:5,0
DA:6,0
DA:7,0
DA:8,0
DA:10,0
DA:12,0
DA:13,0
DA:18,0
DA:20,0
DA:24,0
DA:25,0
DA:26,0
DA:29,0
DA:30,0
DA:36,0
DA:37,0
DA:41,0
DA:42,0
DA:44,0
DA:49,0
DA:50,0
DA:52,0
DA:57,0
DA:58,0
DA:60,0
DA:64,0
DA:65,0
DA:69,0
DA:70,0
DA:72,0
DA:73,0
LF:32
LH:0
BRDA:7,0,0,0
BRDA:7,0,1,0
BRDA:7,1,0,0
BRDA:7,1,1,0
BRDA:49,2,0,0
BRDA:49,2,1,0
BRDA:69,3,0,0
BRDA:69,3,1,0
BRF:8
BRH:0
end_of_record
TN:
SF:src\modules\classrooms\classroom.model.js
FNF:0
FNH:0
DA:2,0
DA:4,0
DA:24,0
LF:3
LH:0
BRF:0
BRH:0
end_of_record
TN:
SF:src\modules\classrooms\classroom.module.js
FNF:0
FNH:0
LF:0
LH:0
BRF:0
BRH:0
end_of_record
TN:
SF:src\modules\classrooms\classroom.repository.js
FNF:0
FNH:0
LF:0
LH:0
BRF:0
BRH:0
end_of_record
TN:
SF:src\modules\classrooms\classroom.routes.js
FNF:0
FNH:0
DA:2,0
DA:7,0
DA:8,0
DA:9,0
DA:10,0
LF:5
LH:0
BRF:0
BRH:0
end_of_record
TN:
SF:src\modules\classrooms\classroom.service.js
FNF:0
FNH:0
LF:0
LH:0
BRF:0
BRH:0
end_of_record
TN:
SF:src\modules\classrooms\_tests_\classroom.js
FNF:0
FNH:0
LF:0
LH:0
BRF:0
BRH:0
end_of_record
TN:
SF:src\modules\grades\grade.controller.js
FN:3,(anonymous_0)
FN:3,(anonymous_1)
FN:5,(anonymous_2)
FN:8,(anonymous_3)
FN:11,(anonymous_4)
FN:25,(anonymous_5)
FN:30,(anonymous_6)
FN:35,(anonymous_7)
FN:41,(anonymous_8)
FN:47,(anonymous_9)
FN:53,(anonymous_10)
FN:59,(anonymous_11)
FN:65,(anonymous_12)
FN:84,(anonymous_13)
FNF:14
FNH:0
FNDA:0,(anonymous_0)
FNDA:0,(anonymous_1)
FNDA:0,(anonymous_2)
FNDA:0,(anonymous_3)
FNDA:0,(anonymous_4)
FNDA:0,(anonymous_5)
FNDA:0,(anonymous_6)
FNDA:0,(anonymous_7)
FNDA:0,(anonymous_8)
FNDA:0,(anonymous_9)
FNDA:0,(anonymous_10)
FNDA:0,(anonymous_11)
FNDA:0,(anonymous_12)
FNDA:0,(anonymous_13)
DA:3,0
DA:5,0
DA:6,0
DA:8,0
DA:9,0
DA:11,0
DA:12,0
DA:13,0
DA:14,0
DA:15,0
DA:16,0
DA:18,0
DA:21,0
DA:25,0
DA:26,0
DA:27,0
DA:28,0
DA:30,0
DA:31,0
DA:32,0
DA:35,0
DA:36,0
DA:37,0
DA:38,0
DA:41,0
DA:42,0
DA:43,0
DA:44,0
DA:47,0
DA:48,0
DA:49,0
DA:50,0
DA:53,0
DA:54,0
DA:55,0
DA:56,0
DA:59,0
DA:60,0
DA:61,0
DA:62,0
DA:65,0
DA:66,0
DA:67,0
DA:69,0
DA:77,0
DA:84,0
DA:85,0
DA:87,0
DA:91,0
LF:49
LH:0
BRDA:5,0,0,0
BRDA:8,1,0,0
BRDA:12,2,0,0
BRDA:12,2,1,0
BRDA:13,3,0,0
BRDA:13,3,1,0
BRDA:87,4,0,0
BRDA:87,4,1,0
BRF:8
BRH:0
end_of_record
TN:
SF:src\modules\grades\grade.model.js
FN:76,(anonymous_0)
FN:80,(anonymous_1)
FNF:2
FNH:0
FNDA:0,(anonymous_0)
FNDA:0,(anonymous_1)
DA:3,0
DA:5,0
DA:76,0
DA:77,0
DA:80,0
DA:81,0
DA:82,0
DA:84,0
DA:85,0
DA:86,0
DA:87,0
DA:90,0
DA:92,0
DA:94,0
LF:14
LH:0
BRDA:81,0,0,0
BRDA:81,0,1,0
BRDA:82,1,0,0
BRDA:82,1,1,0
BRDA:84,2,0,0
BRDA:84,2,1,0
BRDA:85,3,0,0
BRDA:85,3,1,0
BRDA:86,4,0,0
BRDA:86,4,1,0
BRF:10
BRH:0
end_of_record
TN:
SF:src\modules\grades\grade.routes.js
FNF:0
FNH:0
DA:14,0
DA:16,0
DA:18,0
DA:24,0
DA:30,0
DA:36,0
DA:41,0
DA:46,0
DA:51,0
DA:57,0
LF:10
LH:0
BRF:0
BRH:0
end_of_record
TN:
SF:src\modules\grades\grade.service.js
FN:7,(anonymous_0)
FN:8,(anonymous_1)
FN:9,(anonymous_2)
FN:12,(anonymous_3)
FN:18,(anonymous_4)
FN:31,(anonymous_5)
FN:39,(anonymous_6)
FN:40,(anonymous_7)
FN:45,(anonymous_8)
FN:87,(anonymous_9)
FN:95,(anonymous_10)
FN:105,(anonymous_11)
FN:135,(anonymous_12)
FN:150,(anonymous_13)
FN:221,(anonymous_14)
FN:237,(anonymous_15)
FN:262,(anonymous_16)
FNF:17
FNH:0
FNDA:0,(anonymous_0)
FNDA:0,(anonymous_1)
FNDA:0,(anonymous_2)
FNDA:0,(anonymous_3)
FNDA:0,(anonymous_4)
FNDA:0,(anonymous_5)
FNDA:0,(anonymous_6)
FNDA:0,(anonymous_7)
FNDA:0,(anonymous_8)
FNDA:0,(anonymous_9)
FNDA:0,(anonymous_10)
FNDA:0,(anonymous_11)
FNDA:0,(anonymous_12)
FNDA:0,(anonymous_13)
FNDA:0,(anonymous_14)
FNDA:0,(anonymous_15)
FNDA:0,(anonymous_16)
DA:7,0
DA:8,0
DA:9,0
DA:13,0
DA:14,0
DA:17,0
DA:18,0
DA:20,0
DA:21,0
DA:22,0
DA:23,0
DA:27,0
DA:28,0
DA:31,0
DA:36,0
DA:38,0
DA:39,0
DA:40,0
DA:46,0
DA:48,0
DA:49,0
DA:50,0
DA:51,0
DA:54,0
DA:55,0
DA:56,0
DA:58,0
DA:59,0
DA:60,0
DA:62,0
DA:64,0
DA:65,0
DA:69,0
DA:75,0
DA:76,0
DA:83,0
DA:84,0
DA:88,0
DA:92,0
DA:96,0
DA:100,0
DA:102,0
DA:106,0
DA:108,0
DA:109,0
DA:112,0
DA:113,0
DA:116,0
DA:117,0
DA:120,0
DA:121,0
DA:124,0
DA:130,0
DA:132,0
DA:136,0
DA:138,0
DA:140,0
DA:141,0
DA:144,0
DA:145,0
DA:147,0
DA:151,0
DA:152,0
DA:155,0
DA:161,0
DA:162,0
DA:165,0
DA:170,0
DA:171,0
DA:174,0
DA:175,0
DA:177,0
DA:178,0
DA:183,0
DA:184,0
DA:205,0
DA:206,0
DA:207,0
DA:209,0
DA:211,0
DA:222,0
DA:223,0
DA:225,0
DA:227,0
DA:235,0
DA:237,0
DA:238,0
DA:239,0
DA:241,0
DA:242,0
DA:246,0
DA:247,0
DA:248,0
DA:249,0
DA:250,0
DA:251,0
DA:253,0
DA:258,0
DA:262,0
LF:99
LH:0
BRDA:7,0,0,0
BRDA:13,1,0,0
BRDA:13,1,1,0
BRDA:13,2,0,0
BRDA:13,2,1,0
BRDA:13,2,2,0
BRDA:22,3,0,0
BRDA:22,3,1,0
BRDA:27,4,0,0
BRDA:27,4,1,0
BRDA:49,5,0,0
BRDA:49,5,1,0
BRDA:50,6,0,0
BRDA:50,6,1,0
BRDA:55,7,0,0
BRDA:55,7,1,0
BRDA:58,8,0,0
BRDA:58,8,1,0
BRDA:59,9,0,0
BRDA:59,9,1,0
BRDA:72,10,0,0
BRDA:72,10,1,0
BRDA:75,11,0,0
BRDA:75,11,1,0
BRDA:100,12,0,0
BRDA:100,12,1,0
BRDA:108,13,0,0
BRDA:108,13,1,0
BRDA:112,14,0,0
BRDA:112,14,1,0
BRDA:116,15,0,0
BRDA:116,15,1,0
BRDA:120,16,0,0
BRDA:120,16,1,0
BRDA:130,17,0,0
BRDA:130,17,1,0
BRDA:138,18,0,0
BRDA:138,18,1,0
BRDA:140,19,0,0
BRDA:140,19,1,0
BRDA:151,20,0,0
BRDA:151,20,1,0
BRDA:151,21,0,0
BRDA:151,21,1,0
BRDA:161,22,0,0
BRDA:161,22,1,0
BRDA:170,23,0,0
BRDA:170,23,1,0
BRDA:170,24,0,0
BRDA:170,24,1,0
BRDA:175,25,0,0
BRDA:175,25,1,0
BRDA:177,26,0,0
BRDA:177,26,1,0
BRDA:206,27,0,0
BRDA:206,27,1,0
BRDA:223,28,0,0
BRDA:223,28,1,0
BRDA:241,29,0,0
BRDA:241,29,1,0
BRDA:241,30,0,0
BRDA:241,30,1,0
BRDA:246,31,0,0
BRDA:246,31,1,0
BRDA:248,32,0,0
BRDA:248,32,1,0
BRF:66
BRH:0
end_of_record
TN:
SF:src\modules\grades\grade.validation.js
FNF:0
FNH:0
DA:3,0
DA:18,0
DA:35,0
DA:64,0
LF:4
LH:0
BRF:0
BRH:0
end_of_record
TN:
SF:src\modules\post\post.controller.js
FN:3,(anonymous_0)
FN:22,(anonymous_1)
FN:38,(anonymous_2)
FN:46,(anonymous_3)
FN:78,(anonymous_4)
FNF:5
FNH:0
FNDA:0,(anonymous_0)
FNDA:0,(anonymous_1)
FNDA:0,(anonymous_2)
FNDA:0,(anonymous_3)
FNDA:0,(anonymous_4)
DA:3,0
DA:4,0
DA:5,0
DA:11,0
DA:13,0
DA:22,0
DA:23,0
DA:24,0
DA:26,0
DA:30,0
DA:32,0
DA:38,0
DA:39,0
DA:43,0
DA:46,0
DA:47,0
DA:48,0
DA:50,0
DA:51,0
DA:54,0
DA:56,0
DA:58,0
DA:59,0
DA:62,0
DA:63,0
DA:66,0
DA:67,0
DA:69,0
DA:71,0
DA:74,0
DA:78,0
DA:79,0
DA:81,0
DA:82,0
DA:85,0
DA:86,0
DA:89,0
DA:90,0
LF:38
LH:0
BRDA:50,0,0,0
BRDA:50,0,1,0
BRDA:58,1,0,0
BRDA:58,1,1,0
BRDA:62,2,0,0
BRDA:62,2,1,0
BRDA:66,3,0,0
BRDA:66,3,1,0
BRDA:67,4,0,0
BRDA:67,4,1,0
BRDA:81,5,0,0
BRDA:81,5,1,0
BRDA:85,6,0,0
BRDA:85,6,1,0
BRF:14
BRH:0
end_of_record
TN:
SF:src\modules\post\post.model.js
FNF:0
FNH:0
DA:3,0
LF:1
LH:0
BRF:0
BRH:0
end_of_record
TN:
SF:src\modules\post\post.routes.js
FNF:0
FNH:0
DA:10,0
DA:12,0
DA:13,0
DA:14,0
DA:15,0
DA:16,0
LF:6
LH:0
BRF:0
BRH:0
end_of_record
TN:
SF:src\modules\quiz\quiz.controller.js
FN:6,(anonymous_0)
FN:48,(anonymous_1)
FN:61,(anonymous_2)
FN:108,(anonymous_3)
FNF:4
FNH:0
FNDA:0,(anonymous_0)
FNDA:0,(anonymous_1)
FNDA:0,(anonymous_2)
FNDA:0,(anonymous_3)
DA:6,0
DA:7,0
DA:9,0
DA:12,0
DA:13,0
DA:17,0
DA:19,0
DA:20,0
DA:25,0
DA:26,0
DA:30,0
DA:37,0
DA:42,0
DA:48,0
DA:49,0
DA:50,0
DA:54,0
DA:56,0
DA:61,0
DA:62,0
DA:63,0
DA:64,0
DA:67,0
DA:68,0
DA:73,0
DA:74,0
DA:75,0
DA:80,0
DA:81,0
DA:88,0
DA:89,0
DA:91,0
DA:92,0
DA:95,0
DA:96,0
DA:98,0
DA:99,0
DA:101,0
DA:108,0
DA:109,0
DA:110,0
DA:111,0
DA:112,0
DA:114,0
DA:116,0
DA:117,0
DA:120,0
DA:122,0
DA:125,0
DA:126,0
LF:50
LH:0
BRDA:12,0,0,0
BRDA:12,0,1,0
BRDA:12,1,0,0
BRDA:12,1,1,0
BRDA:12,1,2,0
BRDA:12,1,3,0
BRDA:19,2,0,0
BRDA:19,2,1,0
BRDA:25,3,0,0
BRDA:25,3,1,0
BRDA:67,4,0,0
BRDA:67,4,1,0
BRDA:67,5,0,0
BRDA:67,5,1,0
BRDA:73,6,0,0
BRDA:73,6,1,0
BRDA:74,7,0,0
BRDA:74,7,1,0
BRDA:74,8,0,0
BRDA:74,8,1,0
BRDA:80,9,0,0
BRDA:80,9,1,0
BRDA:88,10,0,0
BRDA:88,10,1,0
BRDA:89,11,0,0
BRDA:89,11,1,0
BRDA:91,12,0,0
BRDA:91,12,1,0
BRDA:95,13,0,0
BRDA:95,13,1,0
BRDA:96,14,0,0
BRDA:96,14,1,0
BRDA:111,15,0,0
BRDA:111,15,1,0
BRDA:116,16,0,0
BRDA:116,16,1,0
BRDA:116,17,0,0
BRDA:116,17,1,0
BRF:38
BRH:0
end_of_record
TN:
SF:src\modules\quiz\quiz.model.js
FN:20,(anonymous_0)
FN:58,arrayLimit
FNF:2
FNH:0
FNDA:0,(anonymous_0)
FNDA:0,arrayLimit
DA:3,0
DA:21,0
DA:31,0
DA:59,0
DA:62,0
LF:5
LH:0
BRDA:21,0,0,0
BRDA:21,0,1,0
BRF:2
BRH:0
end_of_record
TN:
SF:src\modules\quiz\quiz.module.js
FNF:0
FNH:0
LF:0
LH:0
BRF:0
BRH:0
end_of_record
TN:
SF:src\modules\quiz\quiz.repository.js
FNF:0
FNH:0
LF:0
LH:0
BRF:0
BRH:0
end_of_record
TN:
SF:src\modules\quiz\quiz.routes.js
FNF:0
FNH:0
DA:6,0
DA:8,0
DA:9,0
DA:10,0
DA:11,0
LF:5
LH:0
BRF:0
BRH:0
end_of_record
TN:
SF:src\modules\quiz\quiz.service.js
FNF:0
FNH:0
LF:0
LH:0
BRF:0
BRH:0
end_of_record
TN:
SF:src\modules\quiz\quiz.validation.js
FNF:0
FNH:0
LF:0
LH:0
BRF:0
BRH:0
end_of_record
TN:
SF:src\modules\reports\report.controller.js
FNF:0
FNH:0
LF:0
LH:0
BRF:0
BRH:0
end_of_record
TN:
SF:src\modules\reports\report.module.js
FNF:0
FNH:0
LF:0
LH:0
BRF:0
BRH:0
end_of_record
TN:
SF:src\modules\reports\report.repository.js
FNF:0
FNH:0
LF:0
LH:0
BRF:0
BRH:0
end_of_record
TN:
SF:src\modules\reports\report.routes.js
FNF:0
FNH:0
LF:0
LH:0
BRF:0
BRH:0
end_of_record
TN:
SF:src\modules\reports\report.service.js
FNF:0
FNH:0
LF:0
LH:0
BRF:0
BRH:0
end_of_record
TN:
SF:src\modules\reports\generators\chart-generator.js
FNF:0
FNH:0
LF:0
LH:0
BRF:0
BRH:0
end_of_record
TN:
SF:src\modules\reports\generators\excel-generator.js
FNF:0
FNH:0
LF:0
LH:0
BRF:0
BRH:0
end_of_record
TN:
SF:src\modules\reports\generators\pdf-generator.js
FNF:0
FNH:0
LF:0
LH:0
BRF:0
BRH:0
end_of_record
TN:
SF:src\modules\reports\templates\daily-report.template.js
FNF:0
FNH:0
LF:0
LH:0
BRF:0
BRH:0
end_of_record
TN:
SF:src\modules\reports\templates\monthly-report.template.js
FNF:0
FNH:0
LF:0
LH:0
BRF:0
BRH:0
end_of_record
TN:
SF:src\modules\schools\school.controller.js
FN:14,(anonymous_0)
FN:41,(anonymous_1)
FN:54,(anonymous_2)
FN:82,(anonymous_3)
FN:122,(anonymous_4)
FN:151,(anonymous_5)
FN:170,(anonymous_6)
FNF:7
FNH:7
FNDA:4,(anonymous_0)
FNDA:3,(anonymous_1)
FNDA:4,(anonymous_2)
FNDA:4,(anonymous_3)
FNDA:4,(anonymous_4)
FNDA:2,(anonymous_5)
FNDA:2,(anonymous_6)
DA:12,1
DA:15,4
DA:16,4
DA:19,4
DA:20,4
DA:21,1
DA:24,3
DA:29,3
DA:30,1
DA:31,1
DA:33,2
DA:34,2
DA:35,1
DA:37,1
DA:42,3
DA:43,3
DA:45,2
DA:47,2
DA:49,1
DA:50,1
DA:55,4
DA:56,4
DA:58,4
DA:59,1
DA:62,3
DA:64,2
DA:65,1
DA:68,1
DA:70,1
DA:72,1
DA:74,1
DA:75,1
DA:78,0
DA:83,4
DA:84,4
DA:85,4
DA:86,0
DA:90,4
DA:91,4
DA:92,1
DA:95,3
DA:96,3
DA:97,0
DA:100,3
DA:104,3
DA:105,2
DA:106,1
DA:108,1
DA:109,1
DA:111,1
DA:112,1
DA:113,1
DA:115,0
DA:116,0
DA:118,0
DA:123,4
DA:124,4
DA:126,4
DA:127,4
DA:129,4
DA:130,1
DA:133,3
DA:135,2
DA:136,1
DA:139,1
DA:141,1
DA:143,1
DA:144,1
DA:147,0
DA:152,2
DA:153,2
DA:155,2
DA:156,1
DA:159,1
DA:161,1
DA:163,1
DA:165,0
DA:166,0
DA:171,2
DA:172,2
DA:174,2
DA:175,1
DA:178,1
DA:180,1
DA:182,1
DA:184,0
DA:185,0
DA:198,1
LF:88
LH:77
BRDA:20,0,0,1
BRDA:20,0,1,3
BRDA:26,1,0,3
BRDA:26,1,1,0
BRDA:34,2,0,1
BRDA:34,2,1,1
BRDA:58,3,0,1
BRDA:58,3,1,3
BRDA:64,4,0,1
BRDA:64,4,1,1
BRDA:74,5,0,1
BRDA:74,5,1,0
BRDA:85,6,0,0
BRDA:85,6,1,4
BRDA:91,7,0,1
BRDA:91,7,1,3
BRDA:96,8,0,0
BRDA:96,8,1,3
BRDA:96,9,0,3
BRDA:96,9,1,3
BRDA:100,10,0,3
BRDA:100,10,1,0
BRDA:105,11,0,1
BRDA:105,11,1,1
BRDA:112,12,0,1
BRDA:112,12,1,0
BRDA:115,13,0,0
BRDA:115,13,1,0
BRDA:129,14,0,1
BRDA:129,14,1,3
BRDA:135,15,0,1
BRDA:135,15,1,1
BRDA:143,16,0,1
BRDA:143,16,1,0
BRDA:155,17,0,1
BRDA:155,17,1,1
BRDA:174,18,0,1
BRDA:174,18,1,1
BRF:38
BRH:29
end_of_record
TN:
SF:src\modules\schools\school.model.js
FNF:0
FNH:0
DA:5,0
DA:17,0
LF:2
LH:0
BRF:0
BRH:0
end_of_record
TN:
SF:src\modules\schools\school.module.js
FN:3,(anonymous_0)
FNF:1
FNH:0
FNDA:0,(anonymous_0)
DA:3,0
DA:4,0
DA:5,0
LF:3
LH:0
BRF:0
BRH:0
end_of_record
TN:
SF:src\modules\schools\school.repository.js
FN:4,(anonymous_0)
FN:9,(anonymous_1)
FN:15,(anonymous_2)
FN:20,(anonymous_3)
FN:31,(anonymous_4)
FN:35,(anonymous_5)
FN:41,(anonymous_6)
FN:47,(anonymous_7)
FN:55,(anonymous_8)
FN:59,(anonymous_9)
FN:67,(anonymous_10)
FNF:11
FNH:0
FNDA:0,(anonymous_0)
FNDA:0,(anonymous_1)
FNDA:0,(anonymous_2)
FNDA:0,(anonymous_3)
FNDA:0,(anonymous_4)
FNDA:0,(anonymous_5)
FNDA:0,(anonymous_6)
FNDA:0,(anonymous_7)
FNDA:0,(anonymous_8)
FNDA:0,(anonymous_9)
FNDA:0,(anonymous_10)
DA:3,0
DA:5,0
DA:6,0
DA:10,0
DA:16,0
DA:21,0
DA:32,0
DA:36,0
DA:42,0
DA:48,0
DA:56,0
DA:60,0
DA:68,0
LF:13
LH:0
BRF:0
BRH:0
end_of_record
TN:
SF:src\modules\schools\school.routes.js
FNF:0
FNH:0
DA:14,0
DA:17,0
DA:18,0
DA:19,0
DA:20,0
DA:23,0
DA:24,0
DA:26,0
DA:27,0
DA:28,0
LF:10
LH:0
BRF:0
BRH:0
end_of_record
TN:
SF:src\modules\schools\school.service.js
FN:4,(anonymous_0)
FN:9,(anonymous_1)
FN:13,(anonymous_2)
FN:17,(anonymous_3)
FN:25,(anonymous_4)
FN:29,(anonymous_5)
FN:33,(anonymous_6)
FNF:7
FNH:0
FNDA:0,(anonymous_0)
FNDA:0,(anonymous_1)
FNDA:0,(anonymous_2)
FNDA:0,(anonymous_3)
FNDA:0,(anonymous_4)
FNDA:0,(anonymous_5)
FNDA:0,(anonymous_6)
DA:3,0
DA:5,0
DA:6,0
DA:10,0
DA:14,0
DA:18,0
DA:26,0
DA:30,0
DA:34,0
LF:9
LH:0
BRF:0
BRH:0
end_of_record
TN:
SF:src\modules\schools\school.validation.js
FNF:0
FNH:0
DA:3,0
DA:13,0
LF:2
LH:0
BRF:0
BRH:0
end_of_record
TN:
SF:src\modules\students\student.controller.js
FN:7,(anonymous_0)
FN:15,(anonymous_1)
FN:31,(anonymous_2)
FN:59,(anonymous_3)
FN:80,(anonymous_4)
FN:111,(anonymous_5)
FN:142,(anonymous_6)
FNF:7
FNH:0
FNDA:0,(anonymous_0)
FNDA:0,(anonymous_1)
FNDA:0,(anonymous_2)
FNDA:0,(anonymous_3)
FNDA:0,(anonymous_4)
FNDA:0,(anonymous_5)
FNDA:0,(anonymous_6)
DA:7,0
DA:8,0
DA:11,0
DA:12,0
DA:15,0
DA:18,0
DA:19,0
DA:20,0
DA:22,0
DA:24,0
DA:25,0
DA:31,0
DA:33,0
DA:37,0
DA:40,0
DA:41,0
DA:43,0
DA:44,0
DA:47,0
DA:48,0
DA:51,0
DA:52,0
DA:59,0
DA:60,0
DA:64,0
DA:65,0
DA:67,0
DA:72,0
DA:73,0
DA:75,0
DA:80,0
DA:81,0
DA:83,0
DA:87,0
DA:88,0
DA:90,0
DA:93,0
DA:94,0
DA:96,0
DA:97,0
DA:100,0
DA:101,0
DA:103,0
DA:105,0
DA:106,0
DA:111,0
DA:112,0
DA:115,0
DA:116,0
DA:118,0
DA:121,0
DA:122,0
DA:124,0
DA:125,0
DA:128,0
DA:129,0
DA:133,0
DA:134,0
DA:142,0
DA:144,0
DA:150,0
DA:151,0
DA:153,0
DA:159,0
DA:160,0
DA:164,0
DA:167,0
LF:67
LH:0
BRDA:12,0,0,0
BRDA:12,0,1,0
BRDA:19,1,0,0
BRDA:19,1,1,0
BRDA:19,2,0,0
BRDA:19,2,1,0
BRDA:41,3,0,0
BRDA:41,3,1,0
BRDA:43,4,0,0
BRDA:43,4,1,0
BRDA:72,5,0,0
BRDA:72,5,1,0
BRDA:90,6,0,0
BRDA:90,6,1,0
BRDA:94,7,0,0
BRDA:94,7,1,0
BRDA:96,8,0,0
BRDA:96,8,1,0
BRDA:100,9,0,0
BRDA:100,9,1,0
BRDA:118,10,0,0
BRDA:118,10,1,0
BRDA:122,11,0,0
BRDA:122,11,1,0
BRDA:124,12,0,0
BRDA:124,12,1,0
BRDA:159,13,0,0
BRDA:159,13,1,0
BRF:28
BRH:0
end_of_record
TN:
SF:src\modules\students\student.model.js
FN:23,(anonymous_0)
FNF:1
FNH:0
FNDA:0,(anonymous_0)
DA:3,0
DA:23,0
DA:27,0
LF:3
LH:0
BRF:0
BRH:0
end_of_record
TN:
SF:src\modules\students\student.module.js
FNF:0
FNH:0
LF:0
LH:0
BRF:0
BRH:0
end_of_record
TN:
SF:src\modules\students\student.repository.js
FNF:0
FNH:0
LF:0
LH:0
BRF:0
BRH:0
end_of_record
TN:
SF:src\modules\students\student.routes.js
FNF:0
FNH:0
DA:2,0
DA:9,0
DA:10,0
DA:11,0
DA:12,0
DA:13,0
DA:14,0
LF:7
LH:0
BRF:0
BRH:0
end_of_record
TN:
SF:src\modules\students\student.service.js
FNF:0
FNH:0
LF:0
LH:0
BRF:0
BRH:0
end_of_record
TN:
SF:src\modules\students\_tests_\student.js
FNF:0
FNH:0
LF:0
LH:0
BRF:0
BRH:0
end_of_record
TN:
SF:src\modules\students_progress\progress.controller.js
FNF:0
FNH:0
LF:0
LH:0
BRF:0
BRH:0
end_of_record
TN:
SF:src\modules\students_progress\students.routes.js
FNF:0
FNH:0
LF:0
LH:0
BRF:0
BRH:0
end_of_record
TN:
SF:src\modules\users\user.controller.js
FN:9,(anonymous_0)
FN:42,(anonymous_1)
FN:77,(anonymous_2)
FN:90,(anonymous_3)
FN:109,(anonymous_4)
FN:135,(anonymous_5)
FNF:6
FNH:6
FNDA:3,(anonymous_0)
FNDA:3,(anonymous_1)
FNDA:2,(anonymous_2)
FNDA:2,(anonymous_3)
FNDA:2,(anonymous_4)
FNDA:3,(anonymous_5)
DA:9,1
DA:10,3
DA:11,3
DA:14,3
DA:15,2
DA:16,1
DA:19,1
DA:28,1
DA:34,1
DA:42,1
DA:43,3
DA:44,3
DA:46,3
DA:47,3
DA:48,1
DA:51,2
DA:52,2
DA:53,1
DA:56,1
DA:62,1
DA:69,0
DA:77,1
DA:78,2
DA:79,2
DA:80,1
DA:82,1
DA:90,1
DA:91,2
DA:92,2
DA:94,2
DA:95,1
DA:98,1
DA:101,0
DA:109,1
DA:110,2
DA:111,2
DA:117,2
DA:118,1
DA:121,1
DA:127,0
DA:135,1
DA:136,3
DA:137,3
DA:139,2
DA:140,1
DA:143,1
DA:146,1
LF:47
LH:44
BRDA:15,0,0,1
BRDA:15,0,1,1
BRDA:47,1,0,1
BRDA:47,1,1,2
BRDA:52,2,0,1
BRDA:52,2,1,1
BRDA:94,3,0,1
BRDA:94,3,1,1
BRDA:117,4,0,1
BRDA:117,4,1,1
BRDA:139,5,0,1
BRDA:139,5,1,1
BRF:12
BRH:12
end_of_record
TN:
SF:src\modules\users\user.model.js
FN:75,(anonymous_0)
FN:80,(anonymous_1)
FN:85,(anonymous_2)
FN:89,(anonymous_3)
FNF:4
FNH:0
FNDA:0,(anonymous_0)
FNDA:0,(anonymous_1)
FNDA:0,(anonymous_2)
FNDA:0,(anonymous_3)
DA:5,0
DA:75,0
DA:76,0
DA:77,0
DA:80,0
DA:81,0
DA:82,0
DA:85,0
DA:86,0
DA:89,0
DA:90,0
DA:91,0
DA:92,0
DA:94,0
DA:97,0
DA:99,0
LF:16
LH:0
BRDA:76,0,0,0
BRDA:76,0,1,0
BRDA:81,1,0,0
BRDA:81,1,1,0
BRDA:81,2,0,0
BRDA:81,2,1,0
BRDA:90,3,0,0
BRDA:90,3,1,0
BRF:8
BRH:0
end_of_record
TN:
SF:src\modules\users\user.module.js
FNF:0
FNH:0
LF:0
LH:0
BRF:0
BRH:0
end_of_record
TN:
SF:src\modules\users\user.repository.js
FN:4,(anonymous_0)
FN:9,(anonymous_1)
FN:19,(anonymous_2)
FN:29,(anonymous_3)
FN:37,(anonymous_4)
FN:45,(anonymous_5)
FN:52,(anonymous_6)
FN:60,(anonymous_7)
FNF:8
FNH:0
FNDA:0,(anonymous_0)
FNDA:0,(anonymous_1)
FNDA:0,(anonymous_2)
FNDA:0,(anonymous_3)
FNDA:0,(anonymous_4)
FNDA:0,(anonymous_5)
FNDA:0,(anonymous_6)
FNDA:0,(anonymous_7)
DA:5,0
DA:6,0
DA:10,0
DA:12,0
DA:13,0
DA:16,0
DA:20,0
DA:22,0
DA:23,0
DA:26,0
DA:30,0
DA:38,0
DA:46,0
DA:47,0
DA:49,0
DA:53,0
DA:61,0
LF:17
LH:0
BRDA:9,0,0,0
BRDA:12,1,0,0
BRDA:12,1,1,0
BRDA:19,2,0,0
BRDA:22,3,0,0
BRDA:22,3,1,0
BRDA:45,4,0,0
BRDA:47,5,0,0
BRDA:47,5,1,0
BRF:9
BRH:0
end_of_record
TN:
SF:src\modules\users\user.routes.js
FNF:0
FNH:0
DA:14,0
DA:17,0
DA:18,0
DA:21,0
DA:22,0
DA:23,0
DA:24,0
LF:7
LH:0
BRF:0
BRH:0
end_of_record
TN:
SF:src\modules\users\user.service.js
FNF:0
FNH:0
LF:0
LH:0
BRF:0
BRH:0
end_of_record
TN:
SF:src\modules\users\user.validation.js
FNF:0
FNH:0
LF:0
LH:0
BRF:0
BRH:0
end_of_record
TN:
SF:src\modules\world-bank\world-bank.controller.js
FN:7,(anonymous_0)
FNF:1
FNH:0
FNDA:0,(anonymous_0)
DA:5,0
DA:8,0
DA:9,0
DA:10,0
DA:13,0
DA:19,0
DA:20,0
DA:23,0
DA:29,0
DA:30,0
DA:33,0
DA:40,0
DA:41,0
DA:42,0
DA:43,0
DA:45,0
LF:16
LH:0
BRDA:10,0,0,0
BRDA:10,1,0,0
BRDA:19,2,0,0
BRDA:19,2,1,0
BRDA:29,3,0,0
BRDA:29,3,1,0
BRF:6
BRH:0
end_of_record
TN:
SF:src\modules\world-bank\world-bank.module.js
FNF:0
FNH:0
DA:11,0
LF:1
LH:0
BRF:0
BRH:0
end_of_record
TN:
SF:src\modules\world-bank\world-bank.routes.js
FNF:0
FNH:0
DA:4,0
DA:7,0
LF:2
LH:0
BRF:0
BRH:0
end_of_record
TN:
SF:src\modules\world-bank\world-bank.service.js
FN:16,(anonymous_0)
FN:37,(anonymous_1)
FN:43,(anonymous_2)
FN:54,(anonymous_3)
FN:67,(anonymous_4)
FN:68,(anonymous_5)
FN:76,(anonymous_6)
FN:98,(anonymous_7)
FN:99,(anonymous_8)
FN:108,(anonymous_9)
FN:119,(anonymous_10)
FN:120,(anonymous_11)
FN:146,(anonymous_12)
FN:196,(anonymous_13)
FNF:14
FNH:0
FNDA:0,(anonymous_0)
FNDA:0,(anonymous_1)
FNDA:0,(anonymous_2)
FNDA:0,(anonymous_3)
FNDA:0,(anonymous_4)
FNDA:0,(anonymous_5)
FNDA:0,(anonymous_6)
FNDA:0,(anonymous_7)
FNDA:0,(anonymous_8)
FNDA:0,(anonymous_9)
FNDA:0,(anonymous_10)
FNDA:0,(anonymous_11)
FNDA:0,(anonymous_12)
FNDA:0,(anonymous_13)
DA:5,0
DA:14,0
DA:17,0
DA:18,0
DA:25,0
DA:30,0
DA:32,0
DA:38,0
DA:39,0
DA:40,0
DA:43,0
DA:44,0
DA:47,0
DA:49,0
DA:55,0
DA:56,0
DA:58,0
DA:62,0
DA:68,0
DA:77,0
DA:79,0
DA:81,0
DA:82,0
DA:97,0
DA:98,0
DA:99,0
DA:108,0
DA:110,0
DA:119,0
DA:120,0
DA:128,0
DA:147,0
DA:155,0
DA:157,0
DA:158,0
DA:160,0
DA:161,0
DA:163,0
DA:165,0
DA:166,0
DA:168,0
DA:169,0
DA:171,0
DA:172,0
DA:174,0
DA:175,0
DA:177,0
DA:179,0
DA:181,0
DA:182,0
DA:183,0
DA:184,0
DA:185,0
DA:188,0
DA:197,0
DA:204,0
LF:56
LH:0
BRDA:16,0,0,0
BRDA:16,1,0,0
BRDA:19,2,0,0
BRDA:19,2,1,0
BRDA:20,3,0,0
BRDA:20,3,1,0
BRDA:37,4,0,0
BRDA:37,5,0,0
BRDA:39,6,0,0
BRDA:39,6,1,0
BRDA:39,7,0,0
BRDA:39,7,1,0
BRDA:55,8,0,0
BRDA:55,8,1,0
BRDA:55,9,0,0
BRDA:55,9,1,0
BRDA:79,10,0,0
BRDA:79,10,1,0
BRDA:81,11,0,0
BRDA:81,11,1,0
BRDA:81,12,0,0
BRDA:81,12,1,0
BRDA:98,13,0,0
BRDA:98,13,1,0
BRDA:103,14,0,0
BRDA:103,14,1,0
BRDA:104,15,0,0
BRDA:104,15,1,0
BRDA:146,16,0,0
BRDA:146,17,0,0
BRDA:155,18,0,0
BRDA:155,18,1,0
BRDA:158,19,0,0
BRDA:158,19,1,0
BRDA:160,20,0,0
BRDA:160,20,1,0
BRDA:163,21,0,0
BRDA:163,21,1,0
BRDA:163,21,2,0
BRDA:163,21,3,0
BRDA:163,21,4,0
BRDA:177,22,0,0
BRDA:177,22,1,0
BRDA:179,23,0,0
BRDA:179,23,1,0
BRDA:183,24,0,0
BRDA:183,24,1,0
BRDA:204,25,0,0
BRDA:204,25,1,0
BRF:49
BRH:0
end_of_record
TN:
SF:src\modules\world-bank\world-bank.validation.js
FN:4,(anonymous_0)
FN:32,(anonymous_1)
FN:47,(anonymous_2)
FNF:3
FNH:0
FNDA:0,(anonymous_0)
FNDA:0,(anonymous_1)
FNDA:0,(anonymous_2)
DA:4,0
DA:5,0
DA:28,0
DA:32,0
DA:33,0
DA:43,0
DA:47,0
DA:48,0
DA:68,0
LF:9
LH:0
BRF:0
BRH:0
end_of_record
